TN:
SF:packages/terra-abstract-modal/src/AbstractModal.jsx
FN:76,(anonymous_0)
FN:95,(anonymous_1)
FN:104,(anonymous_2)
FN:105,handleDocumentKeydown
FN:114,(anonymous_4)
FN:119,(anonymous_5)
FNF:6
FNH:3
FNDA:13,(anonymous_0)
FNDA:13,(anonymous_1)
FNDA:13,(anonymous_2)
FNDA:0,handleDocumentKeydown
FNDA:0,(anonymous_4)
FNDA:0,(anonymous_5)
DA:12,1
DA:14,1
DA:65,1
DA:76,1
DA:91,13
DA:93,13
DA:95,13
DA:97,13
DA:100,13
DA:104,13
DA:106,0
DA:107,0
DA:108,0
DA:109,0
DA:113,13
DA:114,13
DA:115,0
DA:119,13
DA:120,0
DA:121,0
DA:122,0
DA:123,0
DA:124,0
DA:130,13
DA:131,0
DA:134,13
DA:159,1
DA:160,1
LF:28
LH:17
BRDA:97,0,0,13
BRDA:97,0,1,0
BRDA:106,1,0,0
BRDA:106,1,1,0
BRDA:106,2,0,0
BRDA:106,2,1,0
BRDA:106,2,2,0
BRDA:108,3,0,0
BRDA:108,3,1,0
BRDA:120,4,0,0
BRDA:120,4,1,0
BRDA:120,5,0,0
BRDA:120,5,1,0
BRDA:120,5,2,0
BRDA:122,6,0,0
BRDA:122,6,1,0
BRDA:122,7,0,0
BRDA:122,7,1,0
BRDA:122,7,2,0
BRDA:123,8,0,0
BRDA:123,8,1,0
BRDA:123,9,0,0
BRDA:123,9,1,0
BRDA:130,10,0,0
BRDA:130,10,1,13
BRF:25
BRH:2
end_of_record
TN:
SF:packages/terra-abstract-modal/src/_ModalContent.jsx
FN:74,(anonymous_0)
FN:90,(anonymous_1)
FN:95,(anonymous_2)
FN:141,(anonymous_3)
FN:154,(anonymous_4)
FNF:5
FNH:4
FNDA:13,(anonymous_0)
FNDA:13,(anonymous_1)
FNDA:0,(anonymous_2)
FNDA:13,(anonymous_3)
FNDA:13,(anonymous_4)
DA:12,1
DA:14,1
DA:16,1
DA:63,1
DA:74,1
DA:88,13
DA:90,13
DA:92,13
DA:93,13
DA:95,13
DA:96,0
DA:100,13
DA:101,13
DA:102,13
DA:104,13
DA:105,13
DA:114,13
DA:115,13
DA:117,13
DA:119,13
DA:143,13
DA:144,13
DA:145,0
DA:147,13
DA:156,13
DA:157,13
DA:158,0
DA:160,13
DA:170,1
DA:171,1
LF:30
LH:27
BRDA:101,0,0,13
BRDA:101,0,1,0
BRDA:117,1,0,13
BRDA:117,1,1,3
BRDA:122,2,0,13
BRDA:122,2,1,0
BRDA:134,3,0,3
BRDA:134,3,1,10
BRDA:144,4,0,0
BRDA:144,4,1,13
BRDA:157,5,0,0
BRDA:157,5,1,13
BRF:12
BRH:8
end_of_record
TN:
SF:packages/terra-abstract-modal/src/_ModalOverlay.jsx
FN:19,(anonymous_0)
FN:20,(anonymous_1)
FN:25,(anonymous_2)
FNF:3
FNH:2
FNDA:13,(anonymous_0)
FNDA:13,(anonymous_1)
FNDA:0,(anonymous_2)
DA:8,1
DA:10,1
DA:12,1
DA:19,1
DA:20,13
DA:21,13
DA:23,13
DA:25,13
DA:27,0
DA:31,13
DA:32,13
DA:33,13
DA:42,13
DA:45,1
LF:14
LH:13
BRF:0
BRH:0
end_of_record
TN:
SF:packages/terra-abstract-modal/src/_contains-polyfill.js
FN:4,contains
FNF:1
FNH:0
FNDA:0,contains
DA:3,1
DA:4,0
DA:6,0
DA:7,0
DA:10,0
DA:11,0
DA:12,0
DA:16,0
LF:8
LH:1
BRDA:3,0,0,0
BRDA:3,0,1,1
BRDA:6,1,0,0
BRDA:6,1,1,0
BRDA:15,2,0,0
BRDA:15,2,1,0
BRDA:11,3,0,0
BRDA:11,3,1,0
BRF:8
BRH:1
end_of_record
TN:
SF:packages/terra-abstract-modal/src/_matches-polyfill.js
FNF:0
FNH:0
DA:3,1
DA:4,0
LF:2
LH:1
BRDA:3,0,0,0
BRDA:3,0,1,1
BRDA:4,1,0,0
BRDA:4,1,1,0
BRF:4
BRH:1
end_of_record
TN:
SF:packages/terra-abstract-modal/src/inertHelpers.js
FN:9,showModalDomUpdates
FN:38,hideModalDomUpdates
FN:53,(anonymous_2)
FNF:3
FNH:3
FNDA:17,showModalDomUpdates
FNDA:5,hideModalDomUpdates
FNDA:3,(anonymous_2)
DA:10,17
DA:11,17
DA:12,4
DA:14,4
DA:15,1
DA:18,4
DA:21,4
DA:22,1
DA:25,3
DA:39,5
DA:41,5
DA:42,5
DA:44,5
DA:45,1
DA:46,1
DA:47,4
DA:48,4
DA:53,5
DA:54,3
DA:56,1
DA:61,2
LF:21
LH:21
BRDA:11,0,0,4
BRDA:11,0,1,13
BRDA:14,1,0,1
BRDA:14,1,1,3
BRDA:21,2,0,1
BRDA:21,2,1,3
BRDA:41,3,0,5
BRDA:41,3,1,0
BRDA:44,4,0,1
BRDA:44,4,1,4
BRDA:47,5,0,4
BRDA:47,5,1,0
BRDA:54,6,0,1
BRDA:54,6,1,2
BRDA:54,7,0,3
BRDA:54,7,1,2
BRF:16
BRH:14
end_of_record
TN:
SF:packages/terra-aggregator/src/Aggregator.jsx
FN:31,(anonymous_0)
FN:46,(anonymous_1)
FN:54,(anonymous_2)
FN:65,(anonymous_3)
FN:72,(anonymous_4)
FN:76,(anonymous_5)
FN:80,(anonymous_6)
FN:82,(anonymous_7)
FN:92,(anonymous_8)
FN:103,(anonymous_9)
FN:115,(anonymous_10)
FN:131,(anonymous_11)
FN:137,(anonymous_12)
FN:151,(anonymous_13)
FN:162,(anonymous_14)
FN:166,(anonymous_15)
FN:177,(anonymous_16)
FN:181,(anonymous_17)
FN:201,(anonymous_18)
FN:202,(anonymous_19)
FN:209,(anonymous_20)
FNF:21
FNH:14
FNDA:6,(anonymous_0)
FNDA:6,(anonymous_1)
FNDA:0,(anonymous_2)
FNDA:6,(anonymous_3)
FNDA:2,(anonymous_4)
FNDA:4,(anonymous_5)
FNDA:4,(anonymous_6)
FNDA:4,(anonymous_7)
FNDA:0,(anonymous_8)
FNDA:0,(anonymous_9)
FNDA:0,(anonymous_10)
FNDA:0,(anonymous_11)
FNDA:5,(anonymous_12)
FNDA:2,(anonymous_13)
FNDA:0,(anonymous_14)
FNDA:0,(anonymous_15)
FNDA:12,(anonymous_16)
FNDA:33,(anonymous_17)
FNDA:4,(anonymous_18)
FNDA:1,(anonymous_19)
FNDA:12,(anonymous_20)
DA:4,1
DA:26,1
DA:32,6
DA:34,6
DA:35,6
DA:36,6
DA:37,6
DA:38,6
DA:40,6
DA:47,6
DA:48,6
DA:50,6
DA:54,0
DA:55,0
DA:56,0
DA:59,0
DA:60,0
DA:66,6
DA:73,2
DA:77,4
DA:78,4
DA:80,4
DA:81,4
DA:83,4
DA:85,4
DA:91,4
DA:92,1
DA:98,0
DA:99,0
DA:102,0
DA:109,0
DA:115,0
DA:116,0
DA:118,0
DA:119,0
DA:124,0
DA:129,4
DA:132,0
DA:139,5
DA:140,3
DA:147,2
DA:148,0
DA:151,2
DA:160,2
DA:161,0
DA:163,0
DA:164,0
DA:167,0
DA:171,2
DA:172,2
DA:178,12
DA:179,12
DA:181,12
DA:182,33
DA:197,33
DA:201,4
DA:202,1
DA:210,12
DA:212,12
DA:213,1
DA:216,11
DA:224,1
DA:225,1
LF:63
LH:43
BRDA:50,0,0,0
BRDA:50,0,1,6
BRDA:55,1,0,0
BRDA:55,1,1,0
BRDA:59,2,0,0
BRDA:59,2,1,0
BRDA:83,3,0,4
BRDA:83,3,1,0
BRDA:91,4,0,1
BRDA:91,4,1,3
BRDA:98,5,0,0
BRDA:98,5,1,0
BRDA:118,6,0,0
BRDA:118,6,1,0
BRDA:139,7,0,3
BRDA:139,7,1,2
BRDA:147,8,0,0
BRDA:147,8,1,2
BRDA:147,9,0,2
BRDA:147,9,1,0
BRDA:160,10,0,0
BRDA:160,10,1,2
BRDA:202,11,0,4
BRDA:202,11,1,29
BRDA:203,12,0,4
BRDA:203,12,1,29
BRDA:212,13,0,1
BRDA:212,13,1,11
BRF:28
BRH:15
end_of_record
TN:
SF:packages/terra-application-header-layout/src/ApplicationHeaderLayout.jsx
FN:38,(anonymous_0)
FN:87,(anonymous_1)
FNF:2
FNH:1
FNDA:1,(anonymous_0)
FNDA:0,(anonymous_1)
DA:9,1
DA:11,1
DA:38,1
DA:47,1
DA:48,1
DA:56,1
DA:57,0
DA:61,1
DA:62,0
DA:66,1
DA:67,0
DA:71,1
DA:72,0
DA:76,1
DA:77,0
DA:81,1
DA:87,1
DA:88,0
DA:90,0
DA:91,0
DA:92,0
DA:93,0
DA:98,1
DA:104,1
DA:105,1
DA:114,1
DA:123,1
LF:27
LH:17
BRDA:56,0,0,0
BRDA:56,0,1,1
BRDA:61,1,0,0
BRDA:61,1,1,1
BRDA:66,2,0,0
BRDA:66,2,1,1
BRDA:71,3,0,0
BRDA:71,3,1,1
BRDA:76,4,0,0
BRDA:76,4,1,1
BRDA:90,5,0,0
BRDA:90,5,1,0
BRDA:104,6,0,1
BRDA:104,6,1,0
BRDA:104,7,0,1
BRDA:104,7,1,0
BRDA:104,7,2,0
BRF:17
BRH:7
end_of_record
TN:
SF:packages/terra-application-layout/src/ApplicationLayout.jsx
FN:64,(anonymous_0)
FN:71,(anonymous_1)
FN:72,(anonymous_2)
FN:76,(anonymous_3)
FN:84,(anonymous_4)
FN:115,(anonymous_5)
FN:123,(anonymous_6)
FN:131,(anonymous_7)
FN:166,(anonymous_8)
FN:174,(anonymous_9)
FN:189,(anonymous_10)
FN:203,(anonymous_11)
FN:209,(anonymous_12)
FN:211,(anonymous_13)
FNF:14
FNH:14
FNDA:5,(anonymous_0)
FNDA:9,(anonymous_1)
FNDA:7,(anonymous_2)
FNDA:17,(anonymous_3)
FNDA:5,(anonymous_4)
FNDA:4,(anonymous_5)
FNDA:11,(anonymous_6)
FNDA:66,(anonymous_7)
FNDA:4,(anonymous_8)
FNDA:3,(anonymous_9)
FNDA:3,(anonymous_10)
FNDA:3,(anonymous_11)
FNDA:3,(anonymous_12)
FNDA:4,(anonymous_13)
DA:15,1
DA:17,1
DA:56,1
DA:65,5
DA:67,5
DA:68,1
DA:71,9
DA:72,7
DA:76,17
DA:85,5
DA:87,5
DA:100,5
DA:116,4
DA:118,4
DA:119,0
DA:122,4
DA:123,4
DA:124,11
DA:126,11
DA:131,11
DA:132,66
DA:133,48
DA:136,18
DA:137,18
DA:143,18
DA:149,18
DA:150,18
DA:152,18
DA:155,11
DA:156,11
DA:159,4
DA:167,4
DA:169,4
DA:171,4
DA:175,3
DA:177,3
DA:190,3
DA:195,0
DA:200,3
DA:206,3
DA:207,3
DA:209,3
DA:210,3
DA:211,4
DA:222,3
DA:231,3
DA:243,1
DA:244,1
DA:248,1
LF:49
LH:47
BRDA:67,0,0,1
BRDA:67,0,1,4
BRDA:118,1,0,0
BRDA:118,1,1,4
BRDA:132,2,0,48
BRDA:132,2,1,18
BRDA:190,3,0,0
BRDA:190,3,1,3
BRDA:190,4,0,3
BRDA:190,4,1,3
BRDA:190,4,2,3
BRDA:190,4,3,3
BRDA:190,4,4,3
BRDA:209,5,0,3
BRDA:209,5,1,0
BRDA:210,6,0,3
BRDA:210,6,1,0
BRDA:211,7,0,3
BRDA:211,7,1,0
BRF:19
BRH:14
end_of_record
TN:
SF:packages/terra-application-layout/src/header/_ApplicationHeader.jsx
FN:73,(anonymous_0)
FN:91,(anonymous_1)
FN:97,(anonymous_2)
FN:103,(anonymous_3)
FN:109,(anonymous_4)
FN:113,(anonymous_5)
FN:120,(anonymous_6)
FN:142,(anonymous_7)
FN:154,(anonymous_8)
FN:175,(anonymous_9)
FN:185,(anonymous_10)
FN:205,(anonymous_11)
FN:229,(anonymous_12)
FNF:13
FNH:8
FNDA:3,(anonymous_0)
FNDA:0,(anonymous_1)
FNDA:0,(anonymous_2)
FNDA:0,(anonymous_3)
FNDA:0,(anonymous_4)
FNDA:0,(anonymous_5)
FNDA:3,(anonymous_6)
FNDA:3,(anonymous_7)
FNDA:3,(anonymous_8)
FNDA:3,(anonymous_9)
FNDA:3,(anonymous_10)
FNDA:3,(anonymous_11)
FNDA:3,(anonymous_12)
DA:21,2
DA:23,2
DA:67,2
DA:74,3
DA:76,3
DA:77,3
DA:78,3
DA:79,3
DA:80,3
DA:81,3
DA:82,3
DA:83,3
DA:84,3
DA:85,3
DA:86,3
DA:88,3
DA:92,0
DA:98,0
DA:99,0
DA:104,0
DA:106,0
DA:110,0
DA:114,0
DA:115,0
DA:117,0
DA:121,3
DA:123,3
DA:124,0
DA:139,3
DA:143,3
DA:145,3
DA:146,1
DA:151,2
DA:155,3
DA:157,3
DA:158,3
DA:159,2
DA:164,1
DA:172,0
DA:176,3
DA:178,3
DA:179,1
DA:182,2
DA:186,3
DA:188,3
DA:189,1
DA:202,2
DA:206,3
DA:208,3
DA:209,0
DA:226,3
DA:242,3
DA:243,3
DA:244,3
DA:251,3
DA:253,3
DA:268,2
DA:269,2
DA:270,2
LF:59
LH:47
BRDA:98,0,0,0
BRDA:98,0,1,0
BRDA:106,1,0,0
BRDA:106,1,1,0
BRDA:114,2,0,0
BRDA:114,2,1,0
BRDA:123,3,0,0
BRDA:123,3,1,3
BRDA:145,4,0,1
BRDA:145,4,1,2
BRDA:145,5,0,3
BRDA:145,5,1,1
BRDA:145,5,2,1
BRDA:157,6,0,3
BRDA:157,6,1,0
BRDA:158,7,0,2
BRDA:158,7,1,1
BRDA:158,8,0,3
BRDA:158,8,1,2
BRDA:178,9,0,1
BRDA:178,9,1,2
BRDA:178,10,0,3
BRDA:178,10,1,3
BRDA:188,11,0,1
BRDA:188,11,1,2
BRDA:188,12,0,3
BRDA:188,12,1,3
BRDA:208,13,0,0
BRDA:208,13,1,3
BRDA:257,14,0,3
BRDA:257,14,1,0
BRF:31
BRH:21
end_of_record
TN:
SF:packages/terra-application-layout/src/menu/RoutingMenu.jsx
FN:47,(anonymous_0)
FN:48,(anonymous_1)
FN:60,(anonymous_2)
FN:76,(anonymous_3)
FN:97,(anonymous_4)
FN:107,(anonymous_5)
FN:112,(anonymous_6)
FN:117,(anonymous_7)
FN:126,(anonymous_8)
FN:134,(anonymous_9)
FN:137,(anonymous_10)
FN:154,(anonymous_11)
FNF:12
FNH:11
FNDA:8,(anonymous_0)
FNDA:23,(anonymous_1)
FNDA:4,(anonymous_2)
FNDA:7,(anonymous_3)
FNDA:4,(anonymous_4)
FNDA:3,(anonymous_5)
FNDA:0,(anonymous_6)
FNDA:3,(anonymous_7)
FNDA:1,(anonymous_8)
FNDA:2,(anonymous_9)
FNDA:7,(anonymous_10)
FNDA:20,(anonymous_11)
DA:8,2
DA:38,2
DA:48,23
DA:61,4
DA:63,4
DA:69,4
DA:77,7
DA:81,0
DA:88,7
DA:98,4
DA:99,5
DA:100,5
DA:101,4
DA:104,0
DA:108,3
DA:111,3
DA:112,0
DA:114,3
DA:117,3
DA:125,3
DA:126,1
DA:127,1
DA:134,2
DA:138,7
DA:139,7
DA:144,7
DA:151,7
DA:154,20
DA:158,7
DA:171,2
LF:30
LH:27
BRDA:77,0,0,0
BRDA:77,0,1,7
BRDA:77,1,0,7
BRDA:77,1,1,7
BRDA:100,2,0,4
BRDA:100,2,1,1
BRDA:100,3,0,5
BRDA:100,3,1,5
BRDA:111,4,0,0
BRDA:111,4,1,3
BRDA:112,5,0,0
BRDA:112,5,1,0
BRDA:125,6,0,1
BRDA:125,6,1,2
BRDA:125,7,0,3
BRDA:125,7,1,1
BRDA:153,8,0,7
BRDA:153,8,1,7
BRDA:155,9,0,7
BRDA:155,9,1,0
BRF:20
BRH:15
end_of_record
TN:
SF:packages/terra-application-layout/src/menu/_ApplicationMenu.jsx
FN:55,(anonymous_0)
FN:65,(anonymous_1)
FN:84,(anonymous_2)
FN:90,(anonymous_3)
FN:104,(anonymous_4)
FN:114,(anonymous_5)
FN:134,(anonymous_6)
FNF:7
FNH:5
FNDA:1,(anonymous_0)
FNDA:0,(anonymous_1)
FNDA:0,(anonymous_2)
FNDA:1,(anonymous_3)
FNDA:1,(anonymous_4)
FNDA:1,(anonymous_5)
FNDA:1,(anonymous_6)
DA:20,3
DA:22,3
DA:56,1
DA:58,1
DA:59,1
DA:60,1
DA:61,1
DA:62,1
DA:66,0
DA:68,0
DA:69,0
DA:72,0
DA:73,0
DA:85,0
DA:87,0
DA:91,1
DA:93,1
DA:94,0
DA:101,1
DA:105,1
DA:107,1
DA:108,0
DA:111,1
DA:115,1
DA:117,1
DA:118,0
DA:131,1
DA:144,1
DA:146,1
DA:147,1
DA:153,1
DA:156,1
DA:157,0
DA:160,1
DA:173,3
DA:174,3
LF:36
LH:25
BRDA:68,0,0,0
BRDA:68,0,1,0
BRDA:68,1,0,0
BRDA:68,1,1,0
BRDA:72,2,0,0
BRDA:72,2,1,0
BRDA:72,3,0,0
BRDA:72,3,1,0
BRDA:87,4,0,0
BRDA:87,4,1,0
BRDA:93,5,0,0
BRDA:93,5,1,1
BRDA:93,6,0,1
BRDA:93,6,1,1
BRDA:93,6,2,0
BRDA:93,6,3,0
BRDA:107,7,0,0
BRDA:107,7,1,1
BRDA:107,8,0,1
BRDA:107,8,1,1
BRDA:117,9,0,0
BRDA:117,9,1,1
BRDA:117,10,0,1
BRDA:117,10,1,1
BRDA:156,11,0,0
BRDA:156,11,1,1
BRF:26
BRH:10
end_of_record
TN:
SF:packages/terra-application-layout/src/menu/_ApplicationMenuWrapper.jsx
FN:44,(anonymous_0)
FNF:1
FNH:1
FNDA:2,(anonymous_0)
DA:8,2
DA:44,2
DA:50,2
DA:56,2
DA:58,2
DA:72,2
LF:6
LH:6
BRF:0
BRH:0
end_of_record
TN:
SF:packages/terra-application-layout/src/menu/_UtilityMenuWrapper.jsx
FN:20,(anonymous_0)
FNF:1
FNH:0
FNDA:0,(anonymous_0)
DA:5,4
DA:20,4
DA:25,0
DA:28,4
LF:4
LH:3
BRF:0
BRH:0
end_of_record
TN:
SF:packages/terra-application-layout/src/user/_UserData.jsx
FN:27,(anonymous_0)
FNF:1
FNH:1
FNDA:3,(anonymous_0)
DA:9,3
DA:11,3
DA:27,3
DA:33,3
DA:34,3
DA:37,3
DA:38,2
DA:46,3
DA:54,3
LF:9
LH:9
BRDA:37,0,0,2
BRDA:37,0,1,1
BRDA:37,1,0,3
BRDA:37,1,1,1
BRDA:40,2,0,2
BRDA:40,2,1,2
BRDA:41,3,0,2
BRDA:41,3,1,2
BRDA:48,4,0,3
BRDA:48,4,1,2
BRF:10
BRH:10
end_of_record
TN:
SF:packages/terra-application-layout/src/utils/helpers.js
FN:6,(anonymous_0)
FNF:1
FNH:1
FNDA:10,(anonymous_0)
DA:6,10
LF:1
LH:1
BRDA:6,0,0,10
BRDA:6,0,1,9
BRF:2
BRH:2
end_of_record
TN:
SF:packages/terra-application-layout/src/utils/propTypes.js
FNF:0
FNH:0
DA:7,5
DA:18,5
DA:26,5
DA:31,5
DA:41,5
DA:52,5
LF:6
LH:6
BRF:0
BRH:0
end_of_record
TN:
SF:packages/terra-application-layout/src/utils/utilityHelpers.jsx
FN:19,(anonymous_0)
FN:20,(anonymous_1)
FN:21,(anonymous_2)
FN:22,(anonymous_3)
FN:23,(anonymous_4)
FN:24,(anonymous_5)
FN:25,(anonymous_6)
FN:26,(anonymous_7)
FN:27,(anonymous_8)
FN:28,(anonymous_9)
FN:29,(anonymous_10)
FN:42,(anonymous_11)
FN:47,(anonymous_12)
FN:49,(anonymous_13)
FN:80,(anonymous_14)
FNF:15
FNH:15
FNDA:2,(anonymous_0)
FNDA:2,(anonymous_1)
FNDA:2,(anonymous_2)
FNDA:2,(anonymous_3)
FNDA:2,(anonymous_4)
FNDA:2,(anonymous_5)
FNDA:2,(anonymous_6)
FNDA:2,(anonymous_7)
FNDA:2,(anonymous_8)
FNDA:2,(anonymous_9)
FNDA:2,(anonymous_10)
FNDA:2,(anonymous_11)
FNDA:4,(anonymous_12)
FNDA:22,(anonymous_13)
FNDA:2,(anonymous_14)
DA:5,2
DA:19,2
DA:20,2
DA:21,2
DA:22,2
DA:23,2
DA:24,2
DA:25,2
DA:26,2
DA:27,2
DA:28,2
DA:29,2
DA:42,2
DA:43,2
DA:44,1
DA:47,1
DA:48,4
DA:49,22
DA:50,2
DA:51,0
DA:54,2
DA:56,2
DA:57,1
DA:58,1
DA:59,1
DA:64,1
DA:80,2
DA:82,2
DA:89,2
DA:156,2
LF:30
LH:29
BRDA:43,0,0,1
BRDA:43,0,1,1
BRDA:48,1,0,2
BRDA:48,1,1,2
BRDA:50,2,0,0
BRDA:50,2,1,2
BRDA:56,3,0,1
BRDA:56,3,1,1
BRDA:58,4,0,1
BRDA:58,4,1,0
BRF:10
BRH:8
end_of_record
TN:
SF:packages/terra-application-links/src/ApplicationLinks.js
FNF:0
FNH:0
DA:4,0
DA:32,0
LF:2
LH:0
BRF:0
BRH:0
end_of_record
TN:
SF:packages/terra-application-links/src/tabs/ApplicationTabs.jsx
FN:65,(anonymous_0)
FN:72,(anonymous_1)
FN:73,(anonymous_2)
FN:76,(anonymous_3)
FN:87,(anonymous_4)
FN:94,(anonymous_5)
FN:101,(anonymous_6)
FN:107,(anonymous_7)
FN:132,(anonymous_8)
FN:137,(anonymous_9)
FN:144,(anonymous_10)
FN:159,(anonymous_11)
FNF:12
FNH:0
FNDA:0,(anonymous_0)
FNDA:0,(anonymous_1)
FNDA:0,(anonymous_2)
FNDA:0,(anonymous_3)
FNDA:0,(anonymous_4)
FNDA:0,(anonymous_5)
FNDA:0,(anonymous_6)
FNDA:0,(anonymous_7)
FNDA:0,(anonymous_8)
FNDA:0,(anonymous_9)
FNDA:0,(anonymous_10)
FNDA:0,(anonymous_11)
DA:12,1
DA:14,1
DA:59,1
DA:66,0
DA:67,0
DA:68,0
DA:69,0
DA:73,0
DA:74,0
DA:75,0
DA:76,0
DA:78,0
DA:79,0
DA:83,0
DA:84,0
DA:88,0
DA:89,0
DA:91,0
DA:95,0
DA:96,0
DA:97,0
DA:102,0
DA:103,0
DA:104,0
DA:109,0
DA:110,0
DA:111,0
DA:113,0
DA:114,0
DA:115,0
DA:116,0
DA:117,0
DA:118,0
DA:119,0
DA:120,0
DA:121,0
DA:125,0
DA:126,0
DA:127,0
DA:128,0
DA:133,0
DA:134,0
DA:138,0
DA:139,0
DA:140,0
DA:141,0
DA:154,0
DA:156,0
DA:157,0
DA:159,0
DA:160,0
DA:171,0
DA:172,0
DA:173,0
DA:174,0
DA:175,0
DA:177,0
DA:180,0
DA:185,0
DA:187,0
DA:204,1
DA:205,1
DA:206,1
LF:63
LH:6
BRDA:75,0,0,0
BRDA:75,0,1,0
BRDA:88,1,0,0
BRDA:88,1,1,0
BRDA:95,2,0,0
BRDA:95,2,1,0
BRDA:110,3,0,0
BRDA:110,3,1,0
BRDA:118,4,0,0
BRDA:118,4,1,0
BRDA:118,5,0,0
BRDA:118,5,1,0
BRDA:118,6,0,0
BRDA:118,6,1,0
BRDA:125,7,0,0
BRDA:125,7,1,0
BRDA:133,8,0,0
BRDA:133,8,1,0
BRDA:171,9,0,0
BRDA:171,9,1,0
BRDA:174,10,0,0
BRDA:174,10,1,0
BRF:22
BRH:0
end_of_record
TN:
SF:packages/terra-application-links/src/tabs/_CollapsedTab.jsx
FN:47,(anonymous_0)
FN:57,(anonymous_1)
FN:61,(anonymous_2)
FN:76,(anonymous_3)
FN:90,(anonymous_4)
FN:106,(anonymous_5)
FN:110,(anonymous_6)
FNF:7
FNH:0
FNDA:0,(anonymous_0)
FNDA:0,(anonymous_1)
FNDA:0,(anonymous_2)
FNDA:0,(anonymous_3)
FNDA:0,(anonymous_4)
FNDA:0,(anonymous_5)
FNDA:0,(anonymous_6)
DA:10,1
DA:12,1
DA:48,0
DA:49,0
DA:50,0
DA:51,0
DA:52,0
DA:53,0
DA:54,0
DA:58,0
DA:63,0
DA:64,0
DA:68,0
DA:69,0
DA:71,0
DA:72,0
DA:78,0
DA:79,0
DA:83,0
DA:84,0
DA:85,0
DA:86,0
DA:91,0
DA:92,0
DA:93,0
DA:94,0
DA:96,0
DA:99,0
DA:100,0
DA:101,0
DA:102,0
DA:107,0
DA:120,0
DA:122,0
DA:124,0
DA:126,0
DA:128,0
DA:130,0
DA:138,0
DA:142,0
DA:162,1
DA:163,1
LF:42
LH:4
BRDA:63,0,0,0
BRDA:63,0,1,0
BRDA:68,1,0,0
BRDA:68,1,1,0
BRDA:68,2,0,0
BRDA:68,2,1,0
BRDA:78,3,0,0
BRDA:78,3,1,0
BRDA:83,4,0,0
BRDA:83,4,1,0
BRDA:91,5,0,0
BRDA:91,5,1,0
BRDA:92,6,0,0
BRDA:92,6,1,0
BRDA:93,7,0,0
BRDA:93,7,1,0
BRDA:99,8,0,0
BRDA:99,8,1,0
BRDA:101,9,0,0
BRDA:101,9,1,0
BRDA:154,10,0,0
BRDA:154,10,1,0
BRF:22
BRH:0
end_of_record
TN:
SF:packages/terra-application-links/src/tabs/_Tab.jsx
FN:47,(anonymous_0)
FN:57,(anonymous_1)
FN:61,(anonymous_2)
FN:76,(anonymous_3)
FN:90,(anonymous_4)
FN:106,(anonymous_5)
FN:110,(anonymous_6)
FNF:7
FNH:0
FNDA:0,(anonymous_0)
FNDA:0,(anonymous_1)
FNDA:0,(anonymous_2)
FNDA:0,(anonymous_3)
FNDA:0,(anonymous_4)
FNDA:0,(anonymous_5)
FNDA:0,(anonymous_6)
DA:10,1
DA:12,1
DA:48,0
DA:49,0
DA:50,0
DA:51,0
DA:52,0
DA:53,0
DA:54,0
DA:58,0
DA:63,0
DA:64,0
DA:68,0
DA:69,0
DA:71,0
DA:72,0
DA:78,0
DA:79,0
DA:83,0
DA:84,0
DA:85,0
DA:86,0
DA:91,0
DA:92,0
DA:93,0
DA:94,0
DA:96,0
DA:99,0
DA:100,0
DA:101,0
DA:102,0
DA:107,0
DA:120,0
DA:122,0
DA:124,0
DA:125,0
DA:126,0
DA:128,0
DA:130,0
DA:139,0
DA:141,0
DA:145,0
DA:147,0
DA:169,1
DA:170,1
LF:45
LH:4
BRDA:63,0,0,0
BRDA:63,0,1,0
BRDA:68,1,0,0
BRDA:68,1,1,0
BRDA:68,2,0,0
BRDA:68,2,1,0
BRDA:78,3,0,0
BRDA:78,3,1,0
BRDA:83,4,0,0
BRDA:83,4,1,0
BRDA:91,5,0,0
BRDA:91,5,1,0
BRDA:92,6,0,0
BRDA:92,6,1,0
BRDA:93,7,0,0
BRDA:93,7,1,0
BRDA:99,8,0,0
BRDA:99,8,1,0
BRDA:101,9,0,0
BRDA:101,9,1,0
BRDA:133,10,0,0
BRDA:133,10,1,0
BRDA:145,11,0,0
BRDA:145,11,1,0
BRDA:161,12,0,0
BRDA:161,12,1,0
BRF:26
BRH:0
end_of_record
TN:
SF:packages/terra-application-links/src/tabs/_TabMenu.jsx
FN:31,(anonymous_0)
FN:45,(anonymous_1)
FN:57,(anonymous_2)
FN:64,(anonymous_3)
FN:70,(anonymous_4)
FN:76,(anonymous_5)
FN:80,(anonymous_6)
FN:84,(anonymous_7)
FN:119,(anonymous_8)
FN:136,(anonymous_9)
FNF:10
FNH:0
FNDA:0,(anonymous_0)
FNDA:0,(anonymous_1)
FNDA:0,(anonymous_2)
FNDA:0,(anonymous_3)
FNDA:0,(anonymous_4)
FNDA:0,(anonymous_5)
FNDA:0,(anonymous_6)
FNDA:0,(anonymous_7)
FNDA:0,(anonymous_8)
FNDA:0,(anonymous_9)
DA:10,1
DA:32,0
DA:33,0
DA:34,0
DA:35,0
DA:36,0
DA:37,0
DA:38,0
DA:39,0
DA:42,0
DA:46,0
DA:48,0
DA:51,0
DA:52,0
DA:53,0
DA:58,0
DA:59,0
DA:60,0
DA:65,0
DA:66,0
DA:71,0
DA:72,0
DA:77,0
DA:81,0
DA:85,0
DA:87,0
DA:90,0
DA:91,0
DA:92,0
DA:93,0
DA:94,0
DA:95,0
DA:96,0
DA:97,0
DA:98,0
DA:102,0
DA:120,0
DA:121,0
DA:124,0
DA:125,0
DA:126,0
DA:136,0
DA:142,0
DA:146,1
LF:44
LH:2
BRDA:46,0,0,0
BRDA:46,0,1,0
BRDA:51,1,0,0
BRDA:51,1,1,0
BRDA:51,2,0,0
BRDA:51,2,1,0
BRDA:58,3,0,0
BRDA:58,3,1,0
BRDA:65,4,0,0
BRDA:65,4,1,0
BRDA:71,5,0,0
BRDA:71,5,1,0
BRDA:71,6,0,0
BRDA:71,6,1,0
BRDA:71,6,2,0
BRDA:94,7,0,0
BRDA:94,7,1,0
BRDA:109,8,0,0
BRDA:109,8,1,0
BRDA:124,9,0,0
BRDA:124,9,1,0
BRF:21
BRH:0
end_of_record
TN:
SF:packages/terra-application-links/src/tabs/_TabMenuDisplay.jsx
FN:51,(anonymous_0)
FN:61,(anonymous_1)
FN:67,(anonymous_2)
FN:84,(anonymous_3)
FN:96,(anonymous_4)
FN:137,(anonymous_5)
FNF:6
FNH:0
FNDA:0,(anonymous_0)
FNDA:0,(anonymous_1)
FNDA:0,(anonymous_2)
FNDA:0,(anonymous_3)
FNDA:0,(anonymous_4)
FNDA:0,(anonymous_5)
DA:10,1
DA:12,1
DA:45,1
DA:52,0
DA:54,0
DA:55,0
DA:56,0
DA:58,0
DA:62,0
DA:63,0
DA:69,0
DA:70,0
DA:74,0
DA:75,0
DA:77,0
DA:78,0
DA:79,0
DA:86,0
DA:87,0
DA:91,0
DA:92,0
DA:107,0
DA:109,0
DA:111,0
DA:113,0
DA:121,0
DA:123,0
DA:128,0
DA:137,0
DA:155,1
DA:156,1
DA:157,1
LF:32
LH:6
BRDA:62,0,0,0
BRDA:62,0,1,0
BRDA:69,1,0,0
BRDA:69,1,1,0
BRDA:74,2,0,0
BRDA:74,2,1,0
BRDA:74,3,0,0
BRDA:74,3,1,0
BRDA:78,4,0,0
BRDA:78,4,1,0
BRDA:86,5,0,0
BRDA:86,5,1,0
BRDA:91,6,0,0
BRDA:91,6,1,0
BRDA:143,7,0,0
BRDA:143,7,1,0
BRF:16
BRH:0
end_of_record
TN:
SF:packages/terra-application-links/src/tabs/_TabMenuList.jsx
FN:33,(anonymous_0)
FNF:1
FNH:0
FNDA:0,(anonymous_0)
DA:8,1
DA:10,1
DA:33,1
DA:41,0
DA:42,0
DA:50,0
DA:64,1
LF:7
LH:4
BRF:0
BRH:0
end_of_record
TN:
SF:packages/terra-application-menu-layout/src/ApplicationMenuLayout.jsx
FN:28,(anonymous_0)
FNF:1
FNH:1
FNDA:10,(anonymous_0)
DA:7,1
DA:9,1
DA:28,1
DA:35,10
DA:42,10
DA:43,4
DA:47,10
DA:48,5
DA:52,10
DA:53,5
DA:57,10
DA:58,4
DA:61,10
DA:73,1
LF:14
LH:14
BRDA:42,0,0,4
BRDA:42,0,1,6
BRDA:47,1,0,5
BRDA:47,1,1,5
BRDA:52,2,0,5
BRDA:52,2,1,5
BRDA:57,3,0,4
BRDA:57,3,1,6
BRF:8
BRH:8
end_of_record
TN:
SF:packages/terra-application-name/src/ApplicationHeaderName.jsx
FN:22,(anonymous_0)
FNF:1
FNH:1
FNDA:6,(anonymous_0)
DA:9,1
DA:11,1
DA:22,1
DA:27,6
DA:28,6
DA:34,6
DA:42,1
LF:7
LH:7
BRDA:36,0,0,6
BRDA:36,0,1,3
BRDA:37,1,0,6
BRDA:37,1,1,3
BRF:4
BRH:4
end_of_record
TN:
SF:packages/terra-application-name/src/ApplicationMenuName.jsx
FN:22,(anonymous_0)
FNF:1
FNH:1
FNDA:7,(anonymous_0)
DA:9,1
DA:11,1
DA:22,1
DA:27,7
DA:28,7
DA:34,7
DA:42,1
LF:7
LH:7
BRDA:36,0,0,7
BRDA:36,0,1,3
BRDA:37,1,0,7
BRDA:37,1,1,3
BRF:4
BRH:4
end_of_record
TN:
SF:packages/terra-application-name/src/ApplicationName.js
FNF:0
FNH:0
DA:4,0
LF:1
LH:0
BRF:0
BRH:0
end_of_record
TN:
SF:packages/terra-application-navigation/src/ApplicationNavigation.jsx
FN:118,(anonymous_0)
FN:162,generateMenuClosingCallback
FN:163,(anonymous_2)
FN:168,(anonymous_3)
FN:174,(anonymous_4)
FN:180,focusToggle
FN:187,generateFocusToggle
FN:188,(anonymous_7)
FN:190,(anonymous_8)
FN:196,renderDrawerMenu
FN:239,renderPopupMenu
FN:249,(anonymous_11)
FN:251,(anonymous_12)
FN:268,renderCompactHeader
FN:276,(anonymous_14)
FN:294,renderHeader
FN:310,(anonymous_16)
FN:329,(anonymous_17)
FN:336,(anonymous_18)
FN:337,(anonymous_19)
FN:344,(anonymous_20)
FN:349,(anonymous_21)
FN:358,(anonymous_22)
FN:362,(anonymous_23)
FN:385,(anonymous_24)
FN:392,cleanupContentTransition
FN:404,(anonymous_26)
FN:433,(anonymous_27)
FN:438,(anonymous_28)
FNF:29
FNH:13
FNDA:4,(anonymous_0)
FNDA:13,generateMenuClosingCallback
FNDA:0,(anonymous_2)
FNDA:0,(anonymous_3)
FNDA:0,(anonymous_4)
FNDA:0,focusToggle
FNDA:4,generateFocusToggle
FNDA:0,(anonymous_7)
FNDA:0,(anonymous_8)
FNDA:4,renderDrawerMenu
FNDA:4,renderPopupMenu
FNDA:0,(anonymous_11)
FNDA:0,(anonymous_12)
FNDA:2,renderCompactHeader
FNDA:0,(anonymous_14)
FNDA:2,renderHeader
FNDA:0,(anonymous_16)
FNDA:1,(anonymous_17)
FNDA:1,(anonymous_18)
FNDA:0,(anonymous_19)
FNDA:0,(anonymous_20)
FNDA:1,(anonymous_21)
FNDA:1,(anonymous_22)
FNDA:0,(anonymous_23)
FNDA:1,(anonymous_24)
FNDA:0,cleanupContentTransition
FNDA:0,(anonymous_26)
FNDA:2,(anonymous_27)
FNDA:0,(anonymous_28)
DA:23,1
DA:25,1
DA:113,1
DA:118,1
DA:138,4
DA:139,4
DA:140,4
DA:141,4
DA:143,4
DA:145,4
DA:146,4
DA:147,4
DA:149,4
DA:150,4
DA:152,4
DA:155,4
DA:163,13
DA:164,0
DA:165,0
DA:168,0
DA:169,0
DA:170,0
DA:174,4
DA:175,0
DA:176,0
DA:181,0
DA:182,0
DA:183,0
DA:188,4
DA:189,0
DA:190,0
DA:191,0
DA:197,4
DA:198,2
DA:201,2
DA:240,4
DA:249,0
DA:251,0
DA:269,2
DA:276,0
DA:295,2
DA:310,0
DA:329,4
DA:330,1
DA:331,0
DA:332,0
DA:336,4
DA:337,1
DA:338,0
DA:339,0
DA:342,1
DA:344,1
DA:345,0
DA:349,4
DA:350,1
DA:351,0
DA:352,0
DA:353,0
DA:358,4
DA:359,1
DA:362,0
DA:363,0
DA:366,0
DA:385,4
DA:386,1
DA:388,1
DA:389,0
DA:393,0
DA:394,0
DA:395,0
DA:397,0
DA:398,0
DA:402,1
DA:404,1
DA:405,0
DA:414,4
DA:415,0
DA:423,4
DA:424,0
DA:428,4
DA:429,2
DA:433,2
DA:438,4
DA:439,0
DA:440,0
DA:441,0
DA:443,4
DA:444,4
DA:446,4
DA:485,1
DA:486,1
DA:493,1
LF:92
LH:52
BRDA:164,0,0,0
BRDA:164,0,1,0
BRDA:175,1,0,0
BRDA:175,1,1,0
BRDA:182,2,0,0
BRDA:182,2,1,0
BRDA:197,3,0,2
BRDA:197,3,1,2
BRDA:225,4,0,1
BRDA:225,4,1,1
BRDA:226,5,0,1
BRDA:226,5,1,1
BRDA:227,6,0,1
BRDA:227,6,1,1
BRDA:228,7,0,1
BRDA:228,7,1,1
BRDA:231,8,0,1
BRDA:231,8,1,1
BRDA:257,9,0,2
BRDA:257,9,1,2
BRDA:258,10,0,2
BRDA:258,10,1,2
BRDA:259,11,0,2
BRDA:259,11,1,2
BRDA:262,12,0,2
BRDA:262,12,1,2
BRDA:330,13,0,0
BRDA:330,13,1,1
BRDA:350,14,0,0
BRDA:350,14,1,1
BRDA:352,15,0,0
BRDA:352,15,1,0
BRDA:359,16,0,0
BRDA:359,16,1,1
BRDA:388,17,0,0
BRDA:388,17,1,1
BRDA:393,18,0,0
BRDA:393,18,1,0
BRDA:414,19,0,0
BRDA:414,19,1,4
BRDA:414,20,0,4
BRDA:414,20,1,0
BRDA:423,21,0,0
BRDA:423,21,1,4
BRDA:423,22,0,4
BRDA:423,22,1,0
BRDA:428,23,0,2
BRDA:428,23,1,2
BRDA:428,24,0,4
BRDA:428,24,1,2
BRDA:451,25,0,4
BRDA:451,25,1,0
BRDA:451,26,0,4
BRDA:451,26,1,4
BRDA:452,27,0,4
BRDA:452,27,1,0
BRDA:460,28,0,2
BRDA:460,28,1,2
BRDA:466,29,0,2
BRDA:466,29,1,2
BRF:60
BRH:40
end_of_record
TN:
SF:packages/terra-application-navigation/src/common/_PopupCount.jsx
FN:22,(anonymous_0)
FNF:1
FNH:1
FNDA:5,(anonymous_0)
DA:8,9
DA:10,9
DA:22,9
DA:23,5
DA:25,5
DA:27,5
DA:28,5
DA:29,0
DA:32,5
DA:33,5
DA:44,9
LF:11
LH:10
BRDA:28,0,0,0
BRDA:28,0,1,5
BRDA:32,1,0,3
BRDA:32,1,1,2
BRF:4
BRH:3
end_of_record
TN:
SF:packages/terra-application-navigation/src/common/_PopupMenu.jsx
FN:114,(anonymous_0)
FN:120,setButtonRef
FN:124,handleArrowDown
FN:134,handleArrowUp
FN:144,loopFocus
FN:154,handleKeyDown
FN:160,handleButtonKeyDown
FN:206,(anonymous_7)
FNF:8
FNH:3
FNDA:6,(anonymous_0)
FNDA:2,setButtonRef
FNDA:0,handleArrowDown
FNDA:0,handleArrowUp
FNDA:0,loopFocus
FNDA:0,handleKeyDown
FNDA:0,handleButtonKeyDown
FNDA:4,(anonymous_7)
DA:25,7
DA:27,7
DA:107,7
DA:114,7
DA:117,6
DA:118,6
DA:121,2
DA:125,0
DA:126,0
DA:127,0
DA:128,0
DA:129,0
DA:135,0
DA:136,0
DA:137,0
DA:138,0
DA:139,0
DA:145,0
DA:146,0
DA:147,0
DA:148,0
DA:149,0
DA:150,0
DA:155,0
DA:156,0
DA:161,0
DA:162,0
DA:163,0
DA:164,0
DA:165,0
DA:167,0
DA:168,0
DA:169,0
DA:170,0
DA:175,6
DA:176,3
DA:188,6
DA:191,6
DA:207,4
DA:227,7
DA:228,7
LF:41
LH:14
BRDA:125,0,0,0
BRDA:125,0,1,0
BRDA:127,1,0,0
BRDA:127,1,1,0
BRDA:135,2,0,0
BRDA:135,2,1,0
BRDA:137,3,0,0
BRDA:137,3,1,0
BRDA:145,4,0,0
BRDA:145,4,1,0
BRDA:147,5,0,0
BRDA:147,5,1,0
BRDA:149,6,0,0
BRDA:149,6,1,0
BRDA:155,7,0,0
BRDA:155,7,1,0
BRDA:161,8,0,0
BRDA:161,8,1,0
BRDA:161,9,0,0
BRDA:161,9,1,0
BRDA:167,10,0,0
BRDA:167,10,1,0
BRDA:169,11,0,0
BRDA:169,11,1,0
BRDA:175,12,0,3
BRDA:175,12,1,3
BRDA:178,13,0,3
BRDA:178,13,1,0
BRDA:199,14,0,2
BRDA:199,14,1,4
BRDA:204,15,0,2
BRDA:204,15,1,4
BRDA:208,16,0,4
BRDA:208,16,1,4
BRDA:210,17,0,4
BRDA:210,17,1,4
BRF:36
BRH:11
end_of_record
TN:
SF:packages/terra-application-navigation/src/common/_PopupMenuListItem.jsx
FN:60,(anonymous_0)
FN:65,nextFocus
FN:73,handleKeyDown
FNF:3
FNH:2
FNDA:8,(anonymous_0)
FNDA:0,nextFocus
FNDA:2,handleKeyDown
DA:19,8
DA:21,8
DA:60,8
DA:63,8
DA:66,0
DA:67,0
DA:69,0
DA:74,2
DA:75,2
DA:76,2
DA:77,2
DA:78,2
DA:80,0
DA:81,0
DA:82,0
DA:83,0
DA:84,0
DA:85,0
DA:86,0
DA:87,0
DA:91,8
DA:92,8
DA:93,0
DA:94,8
DA:95,3
DA:97,5
DA:102,8
DA:129,8
LF:28
LH:16
BRDA:66,0,0,0
BRDA:66,0,1,0
BRDA:74,1,0,2
BRDA:74,1,1,0
BRDA:74,2,0,2
BRDA:74,2,1,1
BRDA:80,3,0,0
BRDA:80,3,1,0
BRDA:84,4,0,0
BRDA:84,4,1,0
BRDA:92,5,0,0
BRDA:92,5,1,8
BRDA:93,6,0,0
BRDA:93,6,1,0
BRDA:94,7,0,3
BRDA:94,7,1,5
BRDA:114,8,0,8
BRDA:114,8,1,7
BRDA:116,9,0,1
BRDA:116,9,1,7
BRDA:119,10,0,1
BRDA:119,10,1,0
BRDA:122,11,0,4
BRDA:122,11,1,4
BRDA:124,12,0,8
BRDA:124,12,1,7
BRF:26
BRH:15
end_of_record
TN:
SF:packages/terra-application-navigation/src/common/_PopupMenuUser.jsx
FN:18,(anonymous_0)
FNF:1
FNH:1
FNDA:2,(anonymous_0)
DA:9,8
DA:11,8
DA:18,8
DA:19,2
DA:35,8
LF:5
LH:5
BRDA:23,0,0,2
BRDA:23,0,1,0
BRDA:23,1,0,2
BRDA:23,1,1,0
BRDA:24,2,0,2
BRDA:24,2,1,0
BRDA:30,3,0,2
BRDA:30,3,1,0
BRF:8
BRH:4
end_of_record
TN:
SF:packages/terra-application-navigation/src/drawer-menu/_DrawerCount.jsx
FN:17,(anonymous_0)
FNF:1
FNH:1
FNDA:2,(anonymous_0)
DA:8,4
DA:10,4
DA:17,4
DA:18,2
DA:20,2
DA:22,2
DA:23,2
DA:24,0
DA:27,2
DA:37,4
LF:10
LH:9
BRDA:23,0,0,0
BRDA:23,0,1,2
BRF:2
BRH:1
end_of_record
TN:
SF:packages/terra-application-navigation/src/drawer-menu/_DrawerMenu.jsx
FN:99,(anonymous_0)
FN:140,(anonymous_1)
FN:164,(anonymous_2)
FNF:3
FNH:3
FNDA:5,(anonymous_0)
FNDA:3,(anonymous_1)
FNDA:2,(anonymous_2)
DA:23,2
DA:25,2
DA:94,2
DA:99,2
DA:115,5
DA:116,5
DA:117,5
DA:128,5
DA:129,5
DA:130,5
DA:133,5
DA:134,3
DA:141,3
DA:157,5
DA:158,3
DA:165,2
DA:195,5
DA:197,5
DA:217,2
DA:218,2
LF:20
LH:20
BRDA:115,0,0,3
BRDA:115,0,1,2
BRDA:115,1,0,5
BRDA:115,1,1,3
BRDA:115,2,0,3
BRDA:115,2,1,3
BRDA:116,3,0,3
BRDA:116,3,1,2
BRDA:116,4,0,2
BRDA:116,4,1,1
BRDA:117,5,0,2
BRDA:117,5,1,3
BRDA:120,6,0,2
BRDA:120,6,1,1
BRDA:129,7,0,5
BRDA:129,7,1,3
BRDA:129,7,2,3
BRDA:130,8,0,5
BRDA:130,8,1,2
BRDA:133,9,0,3
BRDA:133,9,1,2
BRDA:142,10,0,3
BRDA:142,10,1,1
BRDA:146,11,0,3
BRDA:146,11,1,3
BRDA:157,12,0,3
BRDA:157,12,1,2
BRDA:166,13,0,2
BRDA:166,13,1,1
BRDA:170,14,0,2
BRDA:170,14,1,2
BRDA:173,15,0,2
BRDA:173,15,1,1
BRDA:175,16,0,2
BRDA:175,16,1,1
BRDA:182,17,0,3
BRDA:182,17,1,0
BRDA:184,18,0,3
BRDA:184,18,1,1
BRDA:199,19,0,3
BRDA:199,19,1,2
BRF:41
BRH:40
end_of_record
TN:
SF:packages/terra-application-navigation/src/drawer-menu/_DrawerMenuFooterButton.jsx
FN:26,(anonymous_0)
FNF:1
FNH:1
FNDA:3,(anonymous_0)
DA:9,3
DA:11,3
DA:26,3
DA:29,3
DA:43,3
LF:5
LH:5
BRDA:31,0,0,3
BRDA:31,0,1,3
BRF:2
BRH:2
end_of_record
TN:
SF:packages/terra-application-navigation/src/drawer-menu/_DrawerMenuLinkItem.jsx
FN:39,(anonymous_0)
FNF:1
FNH:0
FNDA:0,(anonymous_0)
DA:10,2
DA:12,2
DA:39,2
DA:42,0
DA:62,2
LF:5
LH:4
BRDA:44,0,0,0
BRDA:44,0,1,0
BRDA:55,1,0,0
BRDA:55,1,1,0
BRDA:57,2,0,0
BRDA:57,2,1,0
BRF:6
BRH:0
end_of_record
TN:
SF:packages/terra-application-navigation/src/drawer-menu/_DrawerMenuListItem.jsx
FN:39,(anonymous_0)
FNF:1
FNH:1
FNDA:3,(anonymous_0)
DA:10,3
DA:12,3
DA:39,3
DA:42,3
DA:61,3
LF:5
LH:5
BRDA:44,0,0,3
BRDA:44,0,1,3
BRDA:55,1,0,1
BRDA:55,1,1,2
BRDA:57,2,0,3
BRDA:57,2,1,1
BRF:6
BRH:6
end_of_record
TN:
SF:packages/terra-application-navigation/src/drawer-menu/_DrawerMenuTitle.jsx
FN:17,(anonymous_0)
FNF:1
FNH:1
FNDA:1,(anonymous_0)
DA:8,3
DA:10,3
DA:17,3
DA:18,1
DA:31,3
LF:5
LH:5
BRDA:18,0,0,0
BRDA:18,0,1,1
BRDA:24,1,0,0
BRDA:24,1,1,1
BRDA:26,2,0,0
BRDA:26,2,1,1
BRF:6
BRH:3
end_of_record
TN:
SF:packages/terra-application-navigation/src/drawer-menu/_DrawerMenuUser.jsx
FN:27,(anonymous_0)
FNF:1
FNH:1
FNDA:3,(anonymous_0)
DA:10,3
DA:12,3
DA:23,3
DA:27,3
DA:28,3
DA:46,3
DA:47,3
LF:7
LH:7
BRDA:28,0,0,2
BRDA:28,0,1,1
BRDA:33,1,0,3
BRDA:33,1,1,0
BRDA:33,2,0,3
BRDA:33,2,1,0
BRDA:34,3,0,3
BRDA:34,3,1,0
BRDA:41,4,0,3
BRDA:41,4,1,0
BRF:10
BRH:6
end_of_record
TN:
SF:packages/terra-application-navigation/src/extensions/_Extension.jsx
FN:39,(anonymous_0)
FNF:1
FNH:1
FNDA:8,(anonymous_0)
DA:10,5
DA:12,5
DA:35,5
DA:39,5
DA:46,8
DA:47,8
DA:48,0
DA:51,8
DA:77,5
DA:78,5
LF:10
LH:9
BRDA:47,0,0,0
BRDA:47,0,1,8
BRDA:62,1,0,5
BRDA:62,1,1,3
BRDA:71,2,0,8
BRDA:71,2,1,5
BRF:6
BRH:5
end_of_record
TN:
SF:packages/terra-application-navigation/src/extensions/_ExtensionCount.jsx
FN:21,(anonymous_0)
FNF:1
FNH:1
FNDA:6,(anonymous_0)
DA:8,7
DA:10,7
DA:21,7
DA:22,6
DA:24,6
DA:26,6
DA:27,6
DA:28,1
DA:29,5
DA:30,0
DA:33,6
DA:48,7
LF:12
LH:11
BRDA:27,0,0,1
BRDA:27,0,1,5
BRDA:29,1,0,0
BRDA:29,1,1,5
BRF:4
BRH:3
end_of_record
TN:
SF:packages/terra-application-navigation/src/extensions/_ExtensionRollup.jsx
FN:43,(anonymous_0)
FNF:1
FNH:1
FNDA:4,(anonymous_0)
DA:12,5
DA:14,5
DA:38,5
DA:43,5
DA:50,4
DA:74,5
DA:75,5
LF:7
LH:7
BRDA:69,0,0,4
BRDA:69,0,1,1
BRDA:69,1,0,1
BRDA:69,1,1,0
BRF:4
BRH:3
end_of_record
TN:
SF:packages/terra-application-navigation/src/extensions/_ExtensionUtils.js
FN:1,(anonymous_0)
FNF:1
FNH:1
FNDA:18,(anonymous_0)
DA:1,5
DA:3,18
DA:4,2
DA:5,16
DA:6,2
DA:7,14
DA:8,2
DA:10,12
DA:13,18
DA:14,12
DA:16,18
LF:11
LH:11
BRDA:3,0,0,2
BRDA:3,0,1,16
BRDA:5,1,0,2
BRDA:5,1,1,14
BRDA:7,2,0,2
BRDA:7,2,1,12
BRDA:13,3,0,12
BRDA:13,3,1,6
BRF:8
BRH:8
end_of_record
TN:
SF:packages/terra-application-navigation/src/extensions/_Extensions.jsx
FN:51,(anonymous_0)
FN:65,(anonymous_1)
FN:78,renderRollupButton
FN:83,(anonymous_3)
FN:85,(anonymous_4)
FN:93,(anonymous_5)
FN:101,renderPopup
FN:114,(anonymous_7)
FN:115,(anonymous_8)
FN:121,(anonymous_9)
FN:129,(anonymous_10)
FN:130,(anonymous_11)
FN:141,(anonymous_12)
FNF:13
FNH:5
FNDA:6,(anonymous_0)
FNDA:4,(anonymous_1)
FNDA:6,renderRollupButton
FNDA:0,(anonymous_3)
FNDA:0,(anonymous_4)
FNDA:0,(anonymous_5)
FNDA:6,renderPopup
FNDA:0,(anonymous_7)
FNDA:0,(anonymous_8)
FNDA:0,(anonymous_9)
FNDA:0,(anonymous_10)
FNDA:0,(anonymous_11)
FNDA:5,(anonymous_12)
DA:15,4
DA:17,4
DA:45,4
DA:51,4
DA:59,6
DA:61,6
DA:62,6
DA:63,6
DA:65,6
DA:66,4
DA:68,4
DA:69,0
DA:70,0
DA:74,6
DA:75,6
DA:76,6
DA:79,6
DA:80,6
DA:83,0
DA:85,0
DA:86,0
DA:87,0
DA:88,0
DA:91,0
DA:93,0
DA:103,6
DA:104,1
DA:107,6
DA:114,0
DA:115,0
DA:121,0
DA:130,0
DA:131,0
DA:138,6
DA:142,5
DA:158,4
DA:159,4
LF:37
LH:23
BRDA:68,0,0,0
BRDA:68,0,1,4
BRDA:79,1,0,6
BRDA:79,1,1,0
BRDA:79,2,0,6
BRDA:79,2,1,6
BRDA:85,3,0,0
BRDA:85,3,1,0
BRDA:88,4,0,0
BRDA:88,4,1,0
BRDA:88,4,2,0
BRDA:96,5,0,0
BRDA:96,5,1,0
BRDA:103,6,0,1
BRDA:103,6,1,5
BRDA:122,7,0,0
BRDA:122,7,1,0
BRDA:143,8,0,5
BRDA:143,8,1,2
BRDA:148,9,0,5
BRDA:148,9,1,5
BRF:21
BRH:10
end_of_record
TN:
SF:packages/terra-application-navigation/src/header/_CompactHeader.jsx
FN:134,buildUtilityItem
FN:151,(anonymous_1)
FN:176,(anonymous_2)
FN:180,renderMenuButton
FN:185,(anonymous_4)
FN:186,(anonymous_5)
FN:212,renderTitle
FN:234,renderExtensions
FN:250,generateCloseNavFunc
FN:251,(anonymous_9)
FN:257,buildNavigationItems
FN:266,(anonymous_11)
FN:267,(anonymous_12)
FN:271,(anonymous_13)
FN:298,generateCloseUtilsFunc
FN:299,(anonymous_15)
FN:305,buildUtilityItems
FN:316,(anonymous_17)
FN:317,(anonymous_18)
FN:319,(anonymous_19)
FNF:20
FNH:9
FNDA:0,buildUtilityItem
FNDA:7,(anonymous_1)
FNDA:7,(anonymous_2)
FNDA:7,renderMenuButton
FNDA:2,(anonymous_4)
FNDA:0,(anonymous_5)
FNDA:7,renderTitle
FNDA:7,renderExtensions
FNDA:0,generateCloseNavFunc
FNDA:0,(anonymous_9)
FNDA:7,buildNavigationItems
FNDA:0,(anonymous_11)
FNDA:0,(anonymous_12)
FNDA:2,(anonymous_13)
FNDA:0,generateCloseUtilsFunc
FNDA:0,(anonymous_15)
FNDA:7,buildUtilityItems
FNDA:0,(anonymous_17)
FNDA:0,(anonymous_18)
FNDA:0,(anonymous_19)
DA:27,2
DA:29,2
DA:126,2
DA:135,0
DA:151,2
DA:173,7
DA:174,7
DA:175,7
DA:176,7
DA:177,7
DA:181,7
DA:182,3
DA:185,4
DA:186,4
DA:187,0
DA:188,0
DA:189,0
DA:192,4
DA:213,7
DA:214,3
DA:217,4
DA:218,1
DA:225,3
DA:235,7
DA:236,5
DA:239,2
DA:251,0
DA:252,0
DA:253,0
DA:258,7
DA:259,0
DA:262,7
DA:266,0
DA:267,0
DA:272,2
DA:273,2
DA:299,0
DA:300,0
DA:301,0
DA:306,7
DA:307,0
DA:310,7
DA:316,0
DA:317,0
DA:320,0
DA:321,0
DA:336,7
DA:354,2
DA:355,2
LF:49
LH:31
BRDA:137,0,0,0
BRDA:137,0,1,0
BRDA:140,1,0,0
BRDA:140,1,1,0
BRDA:181,2,0,3
BRDA:181,2,1,4
BRDA:181,3,0,7
BRDA:181,3,1,7
BRDA:181,3,2,5
BRDA:181,3,3,5
BRDA:181,3,4,3
BRDA:181,3,5,3
BRDA:181,3,6,3
BRDA:181,3,7,3
BRDA:186,4,0,4
BRDA:186,4,1,0
BRDA:189,5,0,0
BRDA:189,5,1,0
BRDA:189,5,2,0
BRDA:207,6,0,4
BRDA:207,6,1,0
BRDA:207,7,0,0
BRDA:207,7,1,0
BRDA:213,8,0,3
BRDA:213,8,1,4
BRDA:217,9,0,1
BRDA:217,9,1,3
BRDA:227,10,0,3
BRDA:227,10,1,0
BRDA:229,11,0,3
BRDA:229,11,1,0
BRDA:235,12,0,5
BRDA:235,12,1,2
BRDA:258,13,0,0
BRDA:258,13,1,7
BRDA:258,14,0,7
BRDA:258,14,1,7
BRDA:272,15,0,2
BRDA:272,15,1,0
BRDA:276,16,0,2
BRDA:276,16,1,1
BRDA:279,17,0,0
BRDA:279,17,1,2
BRDA:306,18,0,0
BRDA:306,18,1,7
BRDA:306,19,0,7
BRDA:306,19,1,7
BRDA:320,20,0,0
BRDA:320,20,1,0
BRDA:323,21,0,0
BRDA:323,21,1,7
BRDA:326,22,0,0
BRDA:326,22,1,7
BRDA:329,23,0,0
BRDA:329,23,1,7
BRF:55
BRH:33
end_of_record
TN:
SF:packages/terra-application-navigation/src/header/_Header.jsx
FN:111,(anonymous_0)
FN:133,renderTitle
FN:155,renderNavigationTabs
FN:168,renderExtensions
FN:184,renderUtilities
FNF:5
FNH:5
FNDA:5,(anonymous_0)
FNDA:5,renderTitle
FNDA:5,renderNavigationTabs
FNDA:5,renderExtensions
FNDA:5,renderUtilities
DA:15,2
DA:17,2
DA:107,2
DA:111,2
DA:134,5
DA:135,2
DA:138,3
DA:139,1
DA:146,2
DA:156,5
DA:169,5
DA:170,3
DA:173,2
DA:185,5
DA:186,3
DA:189,2
DA:201,5
DA:220,2
DA:221,2
LF:19
LH:19
BRDA:134,0,0,2
BRDA:134,0,1,3
BRDA:138,1,0,1
BRDA:138,1,1,2
BRDA:148,2,0,2
BRDA:148,2,1,0
BRDA:150,3,0,2
BRDA:150,3,1,0
BRDA:169,4,0,3
BRDA:169,4,1,2
BRDA:169,5,0,5
BRDA:169,5,1,2
BRDA:185,6,0,3
BRDA:185,6,1,2
BRDA:185,7,0,5
BRDA:185,7,1,5
BRDA:185,7,2,3
BRDA:185,7,3,3
BRDA:185,7,4,3
BRDA:185,7,5,3
BRF:20
BRH:18
end_of_record
TN:
SF:packages/terra-application-navigation/src/header/_ToggleCount.jsx
FN:17,(anonymous_0)
FNF:1
FNH:1
FNDA:2,(anonymous_0)
DA:8,3
DA:10,3
DA:17,3
DA:18,2
DA:20,2
DA:22,2
DA:30,3
LF:7
LH:7
BRF:0
BRH:0
end_of_record
TN:
SF:packages/terra-application-navigation/src/tabs/_Tab.jsx
FN:51,(anonymous_0)
FN:62,renderTabContent
FNF:2
FNH:2
FNDA:16,(anonymous_0)
FNDA:16,renderTabContent
DA:10,4
DA:12,4
DA:51,4
DA:63,16
DA:64,9
DA:72,7
DA:80,16
DA:81,16
DA:82,0
DA:85,16
DA:111,4
LF:11
LH:10
BRDA:63,0,0,9
BRDA:63,0,1,7
BRDA:75,1,0,7
BRDA:75,1,1,1
BRDA:81,2,0,0
BRDA:81,2,1,16
BRDA:93,3,0,16
BRDA:93,3,1,7
BRDA:94,4,0,16
BRDA:94,4,1,7
BRDA:96,5,0,10
BRDA:96,5,1,6
BRDA:97,6,0,10
BRDA:97,6,1,6
BRDA:104,7,0,2
BRDA:104,7,1,14
BRF:16
BRH:15
end_of_record
TN:
SF:packages/terra-application-navigation/src/tabs/_TabCount.jsx
FN:27,(anonymous_0)
FNF:1
FNH:1
FNDA:2,(anonymous_0)
DA:9,6
DA:11,6
DA:27,6
DA:28,2
DA:30,2
DA:32,2
DA:33,2
DA:34,1
DA:35,1
DA:36,0
DA:39,2
DA:52,6
LF:12
LH:11
BRDA:33,0,0,1
BRDA:33,0,1,1
BRDA:35,1,0,0
BRDA:35,1,1,1
BRF:4
BRH:3
end_of_record
TN:
SF:packages/terra-application-navigation/src/tabs/_TabRollup.jsx
FN:61,(anonymous_0)
FNF:1
FNH:1
FNDA:8,(anonymous_0)
DA:12,4
DA:14,4
DA:54,4
DA:61,4
DA:72,8
DA:73,8
DA:74,1
DA:77,8
DA:107,4
DA:108,4
LF:10
LH:10
BRDA:73,0,0,1
BRDA:73,0,1,7
BRDA:99,1,0,8
BRDA:99,1,1,1
BRDA:99,2,0,1
BRDA:99,2,1,0
BRF:6
BRH:5
end_of_record
TN:
SF:packages/terra-application-navigation/src/tabs/_Tabs.jsx
FN:60,(anonymous_0)
FN:85,(anonymous_1)
FN:87,(anonymous_2)
FN:90,(anonymous_3)
FN:101,(anonymous_4)
FN:112,(anonymous_5)
FN:126,(anonymous_6)
FN:135,(anonymous_7)
FN:159,(anonymous_8)
FN:166,(anonymous_9)
FN:172,(anonymous_10)
FN:177,(anonymous_11)
FN:184,(anonymous_12)
FN:202,(anonymous_13)
FN:215,(anonymous_14)
FN:218,(anonymous_15)
FN:237,(anonymous_16)
FN:240,(anonymous_17)
FN:241,(anonymous_18)
FN:247,(anonymous_19)
FN:260,(anonymous_20)
FN:269,(anonymous_21)
FN:272,(anonymous_22)
FN:280,(anonymous_23)
FN:289,(anonymous_24)
FN:290,(anonymous_25)
FN:302,(anonymous_26)
FNF:27
FNH:11
FNDA:8,(anonymous_0)
FNDA:8,(anonymous_1)
FNDA:0,(anonymous_2)
FNDA:0,(anonymous_3)
FNDA:0,(anonymous_4)
FNDA:4,(anonymous_5)
FNDA:0,(anonymous_6)
FNDA:8,(anonymous_7)
FNDA:8,(anonymous_8)
FNDA:0,(anonymous_9)
FNDA:0,(anonymous_10)
FNDA:8,(anonymous_11)
FNDA:0,(anonymous_12)
FNDA:8,(anonymous_13)
FNDA:8,(anonymous_14)
FNDA:8,(anonymous_15)
FNDA:4,(anonymous_16)
FNDA:0,(anonymous_17)
FNDA:0,(anonymous_18)
FNDA:0,(anonymous_19)
FNDA:0,(anonymous_20)
FNDA:0,(anonymous_21)
FNDA:0,(anonymous_22)
FNDA:0,(anonymous_23)
FNDA:0,(anonymous_24)
FNDA:0,(anonymous_25)
FNDA:12,(anonymous_26)
DA:20,3
DA:22,3
DA:54,3
DA:61,8
DA:63,8
DA:64,8
DA:65,8
DA:66,8
DA:67,8
DA:68,8
DA:69,8
DA:70,8
DA:72,8
DA:73,8
DA:74,8
DA:75,8
DA:76,8
DA:78,8
DA:80,8
DA:86,8
DA:87,4
DA:88,0
DA:89,0
DA:90,0
DA:92,0
DA:96,4
DA:97,4
DA:102,0
DA:104,0
DA:105,0
DA:107,0
DA:109,0
DA:113,4
DA:114,4
DA:115,4
DA:116,4
DA:117,4
DA:120,4
DA:122,0
DA:127,0
DA:128,0
DA:129,0
DA:130,0
DA:132,0
DA:137,8
DA:138,8
DA:139,8
DA:140,8
DA:142,8
DA:143,8
DA:144,8
DA:145,8
DA:146,0
DA:147,0
DA:148,0
DA:152,8
DA:153,4
DA:154,4
DA:155,4
DA:160,8
DA:161,4
DA:163,4
DA:167,0
DA:173,0
DA:174,0
DA:178,8
DA:179,8
DA:180,8
DA:181,8
DA:185,0
DA:187,0
DA:188,0
DA:189,0
DA:190,0
DA:191,0
DA:192,0
DA:193,0
DA:194,0
DA:199,0
DA:203,8
DA:204,4
DA:209,4
DA:216,8
DA:218,8
DA:219,8
DA:228,8
DA:229,8
DA:230,8
DA:231,8
DA:233,8
DA:238,4
DA:240,4
DA:241,4
DA:243,4
DA:248,0
DA:263,0
DA:265,0
DA:270,0
DA:272,0
DA:280,0
DA:290,0
DA:291,0
DA:292,0
DA:307,12
DA:308,12
DA:309,4
DA:312,8
DA:313,8
DA:314,8
DA:316,8
DA:329,3
DA:330,3
LF:112
LH:72
BRDA:86,0,0,4
BRDA:86,0,1,4
BRDA:86,1,0,8
BRDA:86,1,1,8
BRDA:89,2,0,0
BRDA:89,2,1,0
BRDA:104,3,0,0
BRDA:104,3,1,0
BRDA:104,4,0,0
BRDA:104,4,1,0
BRDA:115,5,0,4
BRDA:115,5,1,0
BRDA:120,6,0,0
BRDA:120,6,1,4
BRDA:120,7,0,4
BRDA:120,7,1,0
BRDA:129,8,0,0
BRDA:129,8,1,0
BRDA:145,9,0,0
BRDA:145,9,1,8
BRDA:145,10,0,8
BRDA:145,10,1,0
BRDA:145,11,0,0
BRDA:145,11,1,0
BRDA:152,12,0,4
BRDA:152,12,1,4
BRDA:160,13,0,4
BRDA:160,13,1,4
BRDA:187,14,0,0
BRDA:187,14,1,0
BRDA:192,15,0,0
BRDA:192,15,1,0
BRDA:192,16,0,0
BRDA:192,16,1,0
BRDA:192,16,2,0
BRDA:203,17,0,4
BRDA:203,17,1,4
BRDA:220,18,0,8
BRDA:220,18,1,2
BRDA:223,19,0,6
BRDA:223,19,1,2
BRDA:225,20,0,8
BRDA:225,20,1,0
BRDA:228,21,0,8
BRDA:228,21,1,0
BRDA:246,22,0,4
BRDA:246,22,1,0
BRDA:246,22,2,0
BRDA:281,23,0,0
BRDA:281,23,1,0
BRDA:291,24,0,0
BRDA:291,24,1,0
BRDA:308,25,0,4
BRDA:308,25,1,8
BRDA:308,26,0,12
BRDA:308,26,1,12
BRDA:322,27,0,4
BRDA:322,27,1,4
BRDA:323,28,0,0
BRDA:323,28,1,8
BRF:60
BRH:29
end_of_record
TN:
SF:packages/terra-application-navigation/src/utility-menu/_UtilityMenu.jsx
FN:69,(anonymous_0)
FN:73,(anonymous_1)
FN:112,(anonymous_2)
FNF:3
FNH:2
FNDA:3,(anonymous_0)
FNDA:1,(anonymous_1)
FNDA:0,(anonymous_2)
DA:10,2
DA:62,2
DA:66,2
DA:67,2
DA:69,2
DA:72,3
DA:73,3
DA:82,3
DA:83,1
DA:92,3
DA:93,1
DA:102,3
DA:113,0
DA:114,0
DA:115,0
DA:116,0
DA:118,0
DA:126,2
DA:127,2
LF:19
LH:14
BRDA:74,0,0,1
BRDA:74,0,1,0
BRDA:82,1,0,1
BRDA:82,1,1,2
BRDA:84,2,0,1
BRDA:84,2,1,0
BRDA:92,3,0,1
BRDA:92,3,1,2
BRDA:94,4,0,1
BRDA:94,4,1,0
BRDA:113,5,0,0
BRDA:113,5,1,0
BRDA:115,6,0,0
BRDA:115,6,1,0
BRF:14
BRH:7
end_of_record
TN:
SF:packages/terra-application-navigation/src/utility-menu/_UtilityMenuHeaderButton.jsx
FN:36,(anonymous_0)
FNF:1
FNH:1
FNDA:5,(anonymous_0)
DA:14,3
DA:16,3
DA:36,3
DA:41,5
DA:42,3
DA:43,3
DA:58,2
DA:59,2
DA:62,5
DA:82,3
LF:10
LH:10
BRDA:41,0,0,3
BRDA:41,0,1,2
BRDA:47,1,0,3
BRDA:47,1,1,0
BRDA:47,2,0,3
BRDA:47,2,1,0
BRDA:48,3,0,3
BRDA:48,3,1,0
BRDA:71,4,0,2
BRDA:71,4,1,3
BRF:10
BRH:7
end_of_record
TN:
SF:packages/terra-application-navigation/src/utils/helpers.js
FN:7,(anonymous_0)
FN:12,(anonymous_1)
FN:19,(anonymous_2)
FN:27,(anonymous_3)
FN:28,(anonymous_4)
FN:40,(anonymous_5)
FN:43,(anonymous_6)
FN:50,handleAnimation
FN:64,itemId
FN:68,navigationItemId
FN:72,utilityItemId
FN:76,helpUtilityItemId
FN:80,settingsUtilityItemId
FN:84,logoutUtilityItemId
FN:88,extensionItemId
FNF:15
FNH:13
FNDA:20,(anonymous_0)
FNDA:0,(anonymous_1)
FNDA:0,(anonymous_2)
FNDA:44,(anonymous_3)
FNDA:10,(anonymous_4)
FNDA:20,(anonymous_5)
FNDA:10,(anonymous_6)
FNDA:1,handleAnimation
FNDA:10,itemId
FNDA:4,navigationItemId
FNDA:4,utilityItemId
FNDA:1,helpUtilityItemId
FNDA:1,settingsUtilityItemId
FNDA:1,logoutUtilityItemId
FNDA:2,extensionItemId
DA:7,22
DA:12,22
DA:13,0
DA:19,22
DA:20,0
DA:27,22
DA:28,44
DA:29,10
DA:30,10
DA:31,10
DA:40,22
DA:41,20
DA:43,20
DA:44,10
DA:46,10
DA:47,0
DA:51,1
DA:52,1
DA:55,10
DA:56,1
DA:57,1
DA:60,10
DA:65,10
DA:69,4
DA:73,4
DA:77,1
DA:81,1
DA:85,1
DA:89,2
LF:29
LH:26
BRDA:7,0,0,20
BRDA:7,0,1,19
BRDA:7,0,2,17
BRDA:28,1,0,23
BRDA:28,1,1,21
BRDA:29,2,0,10
BRDA:29,2,1,0
BRDA:29,3,0,10
BRDA:29,3,1,5
BRDA:46,4,0,0
BRDA:46,4,1,10
BRDA:55,5,0,1
BRDA:55,5,1,9
BRF:13
BRH:11
end_of_record
TN:
SF:packages/terra-application-navigation/src/utils/propTypes.js
FNF:0
FNH:0
DA:3,12
DA:26,12
DA:45,12
DA:60,12
DA:79,12
LF:5
LH:5
BRF:0
BRH:0
end_of_record
TN:
SF:packages/terra-application-utility/src/ApplicationHeaderUtility.jsx
FN:42,(anonymous_0)
FNF:1
FNH:1
FNDA:7,(anonymous_0)
DA:6,3
DA:38,3
DA:42,3
DA:52,7
DA:65,3
DA:66,3
LF:6
LH:6
BRF:0
BRH:0
end_of_record
TN:
SF:packages/terra-application-utility/src/ApplicationMenuUtility.jsx
FN:42,(anonymous_0)
FNF:1
FNH:1
FNDA:7,(anonymous_0)
DA:6,3
DA:38,3
DA:42,3
DA:52,7
DA:65,3
DA:66,3
LF:6
LH:6
BRF:0
BRH:0
end_of_record
TN:
SF:packages/terra-application-utility/src/ApplicationUtility.js
FNF:0
FNH:0
DA:5,3
LF:1
LH:1
BRF:0
BRH:0
end_of_record
TN:
SF:packages/terra-application-utility/src/Utils.js
FNF:0
FNH:0
DA:3,5
DA:14,5
DA:19,5
DA:24,5
DA:63,5
LF:5
LH:5
BRF:0
BRH:0
end_of_record
TN:
SF:packages/terra-application-utility/src/utility/_UtilityButton.jsx
FN:61,(anonymous_0)
FN:67,(anonymous_1)
FN:77,(anonymous_2)
FN:89,(anonymous_3)
FN:140,(anonymous_4)
FNF:5
FNH:0
FNDA:0,(anonymous_0)
FNDA:0,(anonymous_1)
FNDA:0,(anonymous_2)
FNDA:0,(anonymous_3)
FNDA:0,(anonymous_4)
DA:13,3
DA:15,3
DA:56,3
DA:62,0
DA:63,0
DA:64,0
DA:68,0
DA:69,0
DA:70,0
DA:72,0
DA:73,0
DA:78,0
DA:100,0
DA:102,0
DA:103,0
DA:104,0
DA:106,0
DA:108,0
DA:114,0
DA:116,0
DA:117,0
DA:118,0
DA:121,0
DA:122,0
DA:123,0
DA:127,0
DA:133,0
DA:134,0
DA:140,0
DA:150,3
DA:151,3
DA:152,3
LF:32
LH:6
BRDA:68,0,0,0
BRDA:68,0,1,0
BRDA:72,1,0,0
BRDA:72,1,1,0
BRDA:117,2,0,0
BRDA:117,2,1,0
BRDA:122,3,0,0
BRDA:122,3,1,0
BRDA:143,4,0,0
BRDA:143,4,1,0
BRDA:144,5,0,0
BRDA:144,5,1,0
BRF:12
BRH:0
end_of_record
TN:
SF:packages/terra-application-utility/src/utility/_UtilityMenu.jsx
FN:57,(anonymous_0)
FN:59,(anonymous_1)
FN:72,(anonymous_2)
FN:75,(anonymous_3)
FN:97,(anonymous_4)
FN:109,(anonymous_5)
FN:122,(anonymous_6)
FN:126,(anonymous_7)
FN:141,(anonymous_8)
FN:142,(anonymous_9)
FN:153,(anonymous_10)
FN:157,(anonymous_11)
FN:163,(anonymous_12)
FN:181,(anonymous_13)
FN:188,(anonymous_14)
FN:195,(anonymous_15)
FN:210,(anonymous_16)
FN:212,(anonymous_17)
FN:222,(anonymous_18)
FN:223,(anonymous_19)
FN:230,(anonymous_20)
FN:231,(anonymous_21)
FN:238,(anonymous_22)
FN:239,(anonymous_23)
FN:245,(anonymous_24)
FN:358,(anonymous_25)
FNF:26
FNH:0
FNDA:0,(anonymous_0)
FNDA:0,(anonymous_1)
FNDA:0,(anonymous_2)
FNDA:0,(anonymous_3)
FNDA:0,(anonymous_4)
FNDA:0,(anonymous_5)
FNDA:0,(anonymous_6)
FNDA:0,(anonymous_7)
FNDA:0,(anonymous_8)
FNDA:0,(anonymous_9)
FNDA:0,(anonymous_10)
FNDA:0,(anonymous_11)
FNDA:0,(anonymous_12)
FNDA:0,(anonymous_13)
FNDA:0,(anonymous_14)
FNDA:0,(anonymous_15)
FNDA:0,(anonymous_16)
FNDA:0,(anonymous_17)
FNDA:0,(anonymous_18)
FNDA:0,(anonymous_19)
FNDA:0,(anonymous_20)
FNDA:0,(anonymous_21)
FNDA:0,(anonymous_22)
FNDA:0,(anonymous_23)
FNDA:0,(anonymous_24)
FNDA:0,(anonymous_25)
DA:16,4
DA:18,4
DA:57,4
DA:58,0
DA:59,0
DA:60,0
DA:65,0
DA:68,4
DA:72,4
DA:76,0
DA:77,0
DA:78,0
DA:79,0
DA:80,0
DA:81,0
DA:82,0
DA:83,0
DA:84,0
DA:85,0
DA:86,0
DA:87,0
DA:98,0
DA:99,0
DA:102,0
DA:103,0
DA:106,0
DA:110,0
DA:111,0
DA:123,0
DA:124,0
DA:125,0
DA:126,0
DA:127,0
DA:128,0
DA:129,0
DA:132,0
DA:133,0
DA:136,0
DA:137,0
DA:142,0
DA:143,0
DA:144,0
DA:145,0
DA:146,0
DA:147,0
DA:148,0
DA:154,0
DA:158,0
DA:159,0
DA:164,0
DA:165,0
DA:166,0
DA:189,0
DA:190,0
DA:191,0
DA:192,0
DA:193,0
DA:196,0
DA:197,0
DA:198,0
DA:199,0
DA:200,0
DA:202,0
DA:207,0
DA:211,0
DA:212,0
DA:213,0
DA:214,0
DA:216,0
DA:219,0
DA:223,0
DA:224,0
DA:225,0
DA:227,0
DA:231,0
DA:232,0
DA:233,0
DA:235,0
DA:239,0
DA:240,0
DA:241,0
DA:256,0
DA:258,0
DA:259,0
DA:260,0
DA:261,0
DA:263,0
DA:271,0
DA:277,0
DA:283,0
DA:289,0
DA:296,0
DA:300,0
DA:306,0
DA:312,0
DA:314,0
DA:324,0
DA:326,0
DA:338,0
DA:339,0
DA:342,0
DA:357,0
DA:358,0
DA:359,0
DA:360,0
DA:368,0
DA:369,0
DA:389,4
DA:390,4
DA:391,4
DA:392,4
DA:393,4
LF:112
LH:10
BRDA:72,0,0,0
BRDA:72,0,1,0
BRDA:98,1,0,0
BRDA:98,1,1,0
BRDA:102,2,0,0
BRDA:102,2,1,0
BRDA:110,3,0,0
BRDA:110,3,1,0
BRDA:110,4,0,0
BRDA:110,4,1,0
BRDA:125,5,0,0
BRDA:125,5,1,0
BRDA:125,6,0,0
BRDA:125,6,1,0
BRDA:136,7,0,0
BRDA:136,7,1,0
BRDA:143,8,0,0
BRDA:143,8,1,0
BRDA:143,9,0,0
BRDA:143,9,1,0
BRDA:145,10,0,0
BRDA:145,10,1,0
BRDA:145,11,0,0
BRDA:145,11,1,0
BRDA:147,12,0,0
BRDA:147,12,1,0
BRDA:147,13,0,0
BRDA:147,13,1,0
BRDA:158,14,0,0
BRDA:158,14,1,0
BRDA:181,15,0,0
BRDA:181,15,1,0
BRDA:189,16,0,0
BRDA:189,16,1,0
BRDA:189,17,0,0
BRDA:189,17,1,0
BRDA:189,17,2,0
BRDA:196,18,0,0
BRDA:196,18,1,0
BRDA:211,19,0,0
BRDA:211,19,1,0
BRDA:211,20,0,0
BRDA:211,20,1,0
BRDA:211,20,2,0
BRDA:213,21,0,0
BRDA:213,21,1,0
BRDA:225,22,0,0
BRDA:225,22,1,0
BRDA:233,23,0,0
BRDA:233,23,1,0
BRDA:233,23,2,0
BRDA:290,24,0,0
BRDA:290,24,1,0
BRDA:291,25,0,0
BRDA:291,25,1,0
BRDA:292,26,0,0
BRDA:292,26,1,0
BRDA:293,27,0,0
BRDA:293,27,1,0
BRDA:338,28,0,0
BRDA:338,28,1,0
BRDA:345,29,0,0
BRDA:345,29,1,0
BRDA:358,30,0,0
BRDA:358,30,1,0
BRDA:359,31,0,0
BRDA:359,31,1,0
BRDA:371,32,0,0
BRDA:371,32,1,0
BRF:69
BRH:0
end_of_record
TN:
SF:packages/terra-application-utility/src/utility/_UtilityMenuDivider.jsx
FN:17,(anonymous_0)
FNF:1
FNH:1
FNDA:3,(anonymous_0)
DA:8,5
DA:10,5
DA:17,5
DA:18,3
DA:19,3
DA:27,3
DA:30,5
LF:7
LH:7
BRF:0
BRH:0
end_of_record
TN:
SF:packages/terra-application-utility/src/utility/_UtilityMenuItem.jsx
FN:78,(anonymous_0)
FN:85,(anonymous_1)
FN:91,(anonymous_2)
FN:96,(anonymous_3)
FN:102,(anonymous_4)
FN:103,(anonymous_5)
FN:113,(anonymous_6)
FN:161,(anonymous_7)
FN:166,(anonymous_8)
FN:186,(anonymous_9)
FN:189,(anonymous_10)
FNF:11
FNH:6
FNDA:13,(anonymous_0)
FNDA:0,(anonymous_1)
FNDA:0,(anonymous_2)
FNDA:1,(anonymous_3)
FNDA:13,(anonymous_4)
FNDA:0,(anonymous_5)
FNDA:13,(anonymous_6)
FNDA:12,(anonymous_7)
FNDA:0,(anonymous_8)
FNDA:1,(anonymous_9)
FNDA:0,(anonymous_10)
DA:12,5
DA:14,5
DA:73,5
DA:79,13
DA:80,13
DA:81,13
DA:82,13
DA:86,0
DA:87,0
DA:92,0
DA:93,0
DA:97,1
DA:98,1
DA:103,13
DA:104,0
DA:105,0
DA:107,0
DA:108,0
DA:130,13
DA:131,13
DA:133,13
DA:140,13
DA:146,13
DA:151,13
DA:156,13
DA:161,13
DA:162,12
DA:166,0
DA:186,13
DA:187,1
DA:189,0
DA:199,13
DA:202,13
DA:204,13
DA:205,1
DA:206,12
DA:207,1
DA:209,11
DA:211,13
DA:215,5
DA:216,5
DA:217,5
LF:42
LH:32
BRDA:86,0,0,0
BRDA:86,0,1,0
BRDA:86,1,0,0
BRDA:86,1,1,0
BRDA:97,2,0,1
BRDA:97,2,1,0
BRDA:104,3,0,0
BRDA:104,3,1,0
BRDA:104,4,0,0
BRDA:104,4,1,0
BRDA:104,4,2,0
BRDA:107,5,0,0
BRDA:107,5,1,0
BRDA:164,6,0,12
BRDA:164,6,1,0
BRDA:166,7,0,12
BRDA:166,7,1,0
BRDA:167,8,0,12
BRDA:167,8,1,0
BRDA:168,9,0,12
BRDA:168,9,1,0
BRDA:175,10,0,2
BRDA:175,10,1,10
BRDA:178,11,0,0
BRDA:178,11,1,12
BRDA:204,12,0,1
BRDA:204,12,1,12
BRDA:206,13,0,1
BRDA:206,13,1,11
BRF:29
BRH:12
end_of_record
TN:
SF:packages/terra-brand-footer/src/BrandFooter.jsx
FN:77,(anonymous_0)
FN:94,(anonymous_1)
FN:100,(anonymous_2)
FN:112,(anonymous_3)
FNF:4
FNH:4
FNDA:22,(anonymous_0)
FNDA:12,(anonymous_1)
FNDA:13,(anonymous_2)
FNDA:24,(anonymous_3)
DA:8,1
DA:10,1
DA:69,1
DA:77,1
DA:80,22
DA:81,22
DA:87,22
DA:90,22
DA:91,13
DA:94,22
DA:97,22
DA:98,12
DA:101,13
DA:113,24
DA:114,24
DA:115,24
DA:131,22
DA:147,1
DA:148,1
LF:19
LH:19
BRDA:97,0,0,12
BRDA:97,0,1,10
BRDA:99,1,0,0
BRDA:99,1,1,12
BRDA:103,2,0,13
BRDA:103,2,1,4
BRDA:103,2,2,13
BRDA:103,2,3,4
BRDA:106,3,0,4
BRDA:106,3,1,0
BRDA:112,4,0,13
BRDA:112,4,1,12
BRDA:113,5,0,12
BRDA:113,5,1,12
BRDA:114,6,0,12
BRDA:114,6,1,12
BRDA:114,7,0,24
BRDA:114,7,1,24
BRF:18
BRH:16
end_of_record
TN:
SF:packages/terra-collapsible-menu-view/src/CollapsibleMenuView.jsx
FN:52,(anonymous_0)
FN:63,(anonymous_1)
FN:64,(anonymous_2)
FN:67,(anonymous_3)
FN:78,(anonymous_4)
FN:85,(anonymous_5)
FN:91,(anonymous_6)
FN:127,(anonymous_7)
FN:132,(anonymous_8)
FN:137,(anonymous_9)
FN:144,(anonymous_10)
FNF:11
FNH:0
FNDA:0,(anonymous_0)
FNDA:0,(anonymous_1)
FNDA:0,(anonymous_2)
FNDA:0,(anonymous_3)
FNDA:0,(anonymous_4)
FNDA:0,(anonymous_5)
FNDA:0,(anonymous_6)
FNDA:0,(anonymous_7)
FNDA:0,(anonymous_8)
FNDA:0,(anonymous_9)
FNDA:0,(anonymous_10)
DA:14,0
DA:16,0
DA:45,0
DA:49,0
DA:53,0
DA:55,0
DA:56,0
DA:57,0
DA:58,0
DA:59,0
DA:60,0
DA:64,0
DA:65,0
DA:66,0
DA:67,0
DA:69,0
DA:70,0
DA:74,0
DA:75,0
DA:79,0
DA:80,0
DA:81,0
DA:86,0
DA:87,0
DA:88,0
DA:92,0
DA:93,0
DA:94,0
DA:95,0
DA:96,0
DA:98,0
DA:99,0
DA:100,0
DA:101,0
DA:103,0
DA:105,0
DA:106,0
DA:110,0
DA:111,0
DA:113,0
DA:115,0
DA:116,0
DA:120,0
DA:121,0
DA:122,0
DA:123,0
DA:128,0
DA:129,0
DA:133,0
DA:134,0
DA:138,0
DA:139,0
DA:140,0
DA:141,0
DA:147,0
DA:148,0
DA:150,0
DA:156,0
DA:160,0
DA:161,0
DA:163,0
DA:164,0
DA:165,0
DA:170,0
DA:190,0
DA:191,0
DA:192,0
DA:193,0
DA:195,0
DA:196,0
DA:197,0
LF:71
LH:0
BRDA:66,0,0,0
BRDA:66,0,1,0
BRDA:79,1,0,0
BRDA:79,1,1,0
BRDA:103,2,0,0
BRDA:103,2,1,0
BRDA:105,3,0,0
BRDA:105,3,1,0
BRDA:105,4,0,0
BRDA:105,4,1,0
BRDA:105,4,2,0
BRDA:110,5,0,0
BRDA:110,5,1,0
BRDA:110,6,0,0
BRDA:110,6,1,0
BRDA:120,7,0,0
BRDA:120,7,1,0
BRDA:120,8,0,0
BRDA:120,8,1,0
BRDA:128,9,0,0
BRDA:128,9,1,0
BRDA:133,10,0,0
BRDA:133,10,1,0
BRDA:158,11,0,0
BRDA:158,11,1,0
BRDA:163,12,0,0
BRDA:163,12,1,0
BRDA:165,13,0,0
BRDA:165,13,1,0
BRF:29
BRH:0
end_of_record
TN:
SF:packages/terra-collapsible-menu-view/src/CollapsibleMenuViewDivider.jsx
FN:14,(anonymous_0)
FNF:1
FNH:1
FNDA:3,(anonymous_0)
DA:8,1
DA:10,1
DA:14,1
DA:15,3
DA:16,3
DA:17,1
DA:19,2
DA:22,1
LF:8
LH:8
BRDA:16,0,0,1
BRDA:16,0,1,2
BRF:2
BRH:2
end_of_record
TN:
SF:packages/terra-collapsible-menu-view/src/CollapsibleMenuViewItem.jsx
FN:82,(anonymous_0)
FN:88,(anonymous_1)
FN:92,(anonymous_2)
FN:96,(anonymous_3)
FNF:4
FNH:2
FNDA:22,(anonymous_0)
FNDA:0,(anonymous_1)
FNDA:0,(anonymous_2)
FNDA:24,(anonymous_3)
DA:9,2
DA:11,2
DA:69,2
DA:74,2
DA:83,22
DA:84,22
DA:85,22
DA:89,0
DA:93,0
DA:109,24
DA:111,24
DA:112,24
DA:115,24
DA:116,12
DA:125,12
DA:126,3
DA:134,9
DA:135,2
DA:154,7
DA:168,24
DA:172,2
DA:173,2
DA:174,2
DA:175,2
LF:24
LH:22
BRDA:115,0,0,12
BRDA:115,0,1,12
BRDA:120,1,0,12
BRDA:120,1,1,2
BRDA:125,2,0,3
BRDA:125,2,1,9
BRDA:134,3,0,2
BRDA:134,3,1,7
BRDA:134,4,0,9
BRDA:134,4,1,2
BRF:10
BRH:10
end_of_record
TN:
SF:packages/terra-collapsible-menu-view/src/CollapsibleMenuViewItemGroup.jsx
FN:38,(anonymous_0)
FN:43,(anonymous_1)
FN:47,(anonymous_2)
FN:50,(anonymous_3)
FN:60,(anonymous_4)
FNF:5
FNH:3
FNDA:7,(anonymous_0)
FNDA:7,(anonymous_1)
FNDA:0,(anonymous_2)
FNDA:0,(anonymous_3)
FNDA:7,(anonymous_4)
DA:8,1
DA:10,1
DA:25,1
DA:29,1
DA:33,1
DA:39,7
DA:40,7
DA:44,7
DA:48,0
DA:49,0
DA:50,0
DA:51,0
DA:52,0
DA:56,0
DA:66,7
DA:68,7
DA:70,7
DA:71,2
DA:78,5
DA:79,2
DA:86,3
DA:91,3
DA:99,1
DA:100,1
DA:101,1
DA:102,1
LF:26
LH:20
BRDA:48,0,0,0
BRDA:48,0,1,0
BRDA:51,1,0,0
BRDA:51,1,1,0
BRDA:70,2,0,2
BRDA:70,2,1,5
BRDA:70,3,0,7
BRDA:70,3,1,4
BRDA:78,4,0,2
BRDA:78,4,1,3
BRF:10
BRH:6
end_of_record
TN:
SF:packages/terra-collapsible-menu-view/src/CollapsibleMenuViewToggle.jsx
FN:48,(anonymous_0)
FN:54,(anonymous_1)
FN:60,(anonymous_2)
FNF:3
FNH:2
FNDA:9,(anonymous_0)
FNDA:0,(anonymous_1)
FNDA:9,(anonymous_2)
DA:8,1
DA:10,1
DA:37,1
DA:41,1
DA:49,9
DA:50,9
DA:55,0
DA:56,0
DA:69,9
DA:71,9
DA:72,9
DA:78,9
DA:79,4
DA:91,5
DA:106,1
DA:107,1
DA:108,1
LF:17
LH:15
BRDA:55,0,0,0
BRDA:55,0,1,0
BRDA:74,1,0,9
BRDA:74,1,1,7
BRDA:78,2,0,4
BRDA:78,2,1,5
BRDA:99,3,0,5
BRDA:99,3,1,4
BRF:8
BRH:6
end_of_record
TN:
SF:packages/terra-collapsible-menu-view/src/_CollapsibleMenu.jsx
FN:36,(anonymous_0)
FN:47,(anonymous_1)
FN:51,(anonymous_2)
FN:55,(anonymous_3)
FN:59,(anonymous_4)
FN:63,(anonymous_5)
FN:64,(anonymous_6)
FN:73,(anonymous_7)
FN:74,(anonymous_8)
FN:83,(anonymous_9)
FN:85,(anonymous_10)
FN:102,(anonymous_11)
FNF:12
FNH:10
FNDA:1,(anonymous_0)
FNDA:2,(anonymous_1)
FNDA:0,(anonymous_2)
FNDA:1,(anonymous_3)
FNDA:5,(anonymous_4)
FNDA:4,(anonymous_5)
FNDA:0,(anonymous_6)
FNDA:2,(anonymous_7)
FNDA:1,(anonymous_8)
FNDA:2,(anonymous_9)
FNDA:4,(anonymous_10)
FNDA:2,(anonymous_11)
DA:8,3
DA:10,3
DA:31,3
DA:37,1
DA:38,1
DA:39,1
DA:40,1
DA:41,1
DA:42,1
DA:43,1
DA:44,1
DA:48,2
DA:52,0
DA:56,1
DA:60,5
DA:64,4
DA:65,0
DA:67,0
DA:68,0
DA:74,2
DA:75,1
DA:77,1
DA:78,1
DA:84,2
DA:85,2
DA:86,4
DA:87,4
DA:88,4
DA:89,0
DA:90,0
DA:91,0
DA:92,0
DA:93,0
DA:94,0
DA:96,4
DA:99,2
DA:108,2
DA:110,2
DA:111,2
DA:113,2
DA:131,3
DA:132,3
DA:133,3
DA:134,3
DA:135,3
DA:138,3
LF:46
LH:36
BRDA:67,0,0,0
BRDA:67,0,1,0
BRDA:77,1,0,1
BRDA:77,1,1,0
BRDA:84,2,0,2
BRDA:84,2,1,0
BRDA:87,3,0,4
BRDA:87,3,1,0
BRDA:89,4,0,0
BRDA:89,4,1,0
BRDA:92,5,0,0
BRDA:92,5,1,0
BRF:12
BRH:3
end_of_record
TN:
SF:packages/terra-date-input/src/DateInput.jsx
FN:119,(anonymous_0)
FN:185,(anonymous_1)
FN:198,(anonymous_2)
FN:206,(anonymous_3)
FN:211,(anonymous_4)
FN:216,(anonymous_5)
FN:221,(anonymous_6)
FN:229,(anonymous_7)
FN:234,(anonymous_8)
FN:239,(anonymous_9)
FN:270,(anonymous_10)
FN:293,(anonymous_11)
FN:312,(anonymous_12)
FN:322,(anonymous_13)
FN:331,(anonymous_14)
FN:360,(anonymous_15)
FN:390,(anonymous_16)
FN:407,(anonymous_17)
FN:426,(anonymous_18)
FN:445,(anonymous_19)
FN:449,(anonymous_20)
FN:477,(anonymous_21)
FN:488,(anonymous_22)
FN:516,(anonymous_23)
FN:524,(anonymous_24)
FN:533,(anonymous_25)
FN:542,(anonymous_26)
FN:554,(anonymous_27)
FN:629,(anonymous_28)
FN:657,(anonymous_29)
FN:666,(anonymous_30)
FN:684,(anonymous_31)
FN:699,(anonymous_32)
FN:708,(anonymous_33)
FN:727,(anonymous_34)
FN:751,(anonymous_35)
FN:809,(anonymous_36)
FNF:37
FNH:10
FNDA:12,(anonymous_0)
FNDA:0,(anonymous_1)
FNDA:0,(anonymous_2)
FNDA:0,(anonymous_3)
FNDA:0,(anonymous_4)
FNDA:0,(anonymous_5)
FNDA:0,(anonymous_6)
FNDA:0,(anonymous_7)
FNDA:0,(anonymous_8)
FNDA:0,(anonymous_9)
FNDA:0,(anonymous_10)
FNDA:0,(anonymous_11)
FNDA:0,(anonymous_12)
FNDA:0,(anonymous_13)
FNDA:0,(anonymous_14)
FNDA:0,(anonymous_15)
FNDA:0,(anonymous_16)
FNDA:0,(anonymous_17)
FNDA:0,(anonymous_18)
FNDA:0,(anonymous_19)
FNDA:0,(anonymous_20)
FNDA:0,(anonymous_21)
FNDA:0,(anonymous_22)
FNDA:60,(anonymous_23)
FNDA:0,(anonymous_24)
FNDA:0,(anonymous_25)
FNDA:0,(anonymous_26)
FNDA:24,(anonymous_27)
FNDA:24,(anonymous_28)
FNDA:2,(anonymous_29)
FNDA:0,(anonymous_30)
FNDA:24,(anonymous_31)
FNDA:2,(anonymous_32)
FNDA:0,(anonymous_33)
FNDA:12,(anonymous_34)
FNDA:12,(anonymous_35)
FNDA:2,(anonymous_36)
DA:15,1
DA:17,1
DA:104,1
DA:120,12
DA:122,12
DA:124,12
DA:125,0
DA:127,0
DA:134,0
DA:137,12
DA:139,12
DA:140,12
DA:142,12
DA:143,12
DA:144,12
DA:146,12
DA:148,12
DA:149,12
DA:150,12
DA:152,12
DA:153,12
DA:154,12
DA:155,12
DA:157,12
DA:158,12
DA:159,12
DA:161,12
DA:162,12
DA:163,12
DA:165,12
DA:166,12
DA:167,12
DA:168,12
DA:170,12
DA:171,12
DA:172,12
DA:173,12
DA:186,0
DA:187,0
DA:191,0
DA:199,0
DA:200,0
DA:203,0
DA:207,0
DA:208,0
DA:212,0
DA:213,0
DA:217,0
DA:218,0
DA:222,0
DA:223,0
DA:224,0
DA:226,0
DA:230,0
DA:231,0
DA:235,0
DA:236,0
DA:240,0
DA:242,0
DA:243,0
DA:246,0
DA:247,0
DA:249,0
DA:253,0
DA:256,0
DA:259,0
DA:260,0
DA:271,0
DA:272,0
DA:273,0
DA:274,0
DA:275,0
DA:276,0
DA:277,0
DA:278,0
DA:279,0
DA:282,0
DA:283,0
DA:285,0
DA:294,0
DA:295,0
DA:297,0
DA:298,0
DA:302,0
DA:303,0
DA:312,12
DA:313,0
DA:314,0
DA:322,12
DA:323,0
DA:324,0
DA:332,0
DA:333,0
DA:335,0
DA:336,0
DA:337,0
DA:340,0
DA:341,0
DA:342,0
DA:345,0
DA:346,0
DA:349,0
DA:350,0
DA:351,0
DA:361,0
DA:362,0
DA:363,0
DA:365,0
DA:366,0
DA:367,0
DA:370,0
DA:371,0
DA:372,0
DA:375,0
DA:376,0
DA:379,0
DA:380,0
DA:381,0
DA:384,0
DA:385,0
DA:391,0
DA:392,0
DA:395,0
DA:396,0
DA:397,0
DA:400,0
DA:401,0
DA:404,0
DA:408,0
DA:409,0
DA:412,0
DA:413,0
DA:414,0
DA:419,0
DA:420,0
DA:423,0
DA:427,0
DA:428,0
DA:431,0
DA:435,0
DA:436,0
DA:439,0
DA:446,0
DA:450,0
DA:451,0
DA:452,0
DA:453,0
DA:454,0
DA:455,0
DA:458,0
DA:459,0
DA:460,0
DA:461,0
DA:463,0
DA:464,0
DA:466,0
DA:467,0
DA:478,0
DA:479,0
DA:489,0
DA:490,0
DA:491,0
DA:492,0
DA:493,0
DA:494,0
DA:495,0
DA:496,0
DA:498,0
DA:499,0
DA:501,0
DA:503,0
DA:504,0
DA:505,0
DA:506,0
DA:508,0
DA:510,0
DA:511,0
DA:517,60
DA:525,0
DA:526,0
DA:534,0
DA:535,0
DA:543,0
DA:544,0
DA:555,24
DA:558,24
DA:559,24
DA:560,2
DA:562,22
DA:565,0
DA:568,24
DA:576,24
DA:585,24
DA:637,24
DA:640,24
DA:641,0
DA:642,0
DA:644,0
DA:647,24
DA:650,24
DA:653,24
DA:657,2
DA:666,0
DA:692,24
DA:695,24
DA:699,2
DA:708,0
DA:729,12
DA:737,12
DA:744,12
DA:745,12
DA:748,0
DA:772,12
DA:778,12
DA:780,12
DA:782,12
DA:791,12
DA:794,12
DA:795,3
DA:798,12
DA:799,3
DA:802,12
DA:803,12
DA:805,12
DA:809,2
DA:833,1
DA:834,1
DA:835,1
LF:228
LH:74
BRDA:124,0,0,0
BRDA:124,0,1,12
BRDA:124,1,0,12
BRDA:124,1,1,3
BRDA:125,2,0,0
BRDA:125,2,1,0
BRDA:186,3,0,0
BRDA:186,3,1,0
BRDA:199,4,0,0
BRDA:199,4,1,0
BRDA:199,5,0,0
BRDA:199,5,1,0
BRDA:223,6,0,0
BRDA:223,6,1,0
BRDA:242,7,0,0
BRDA:242,7,1,0
BRDA:246,8,0,0
BRDA:246,8,1,0
BRDA:253,9,0,0
BRDA:253,9,1,0
BRDA:256,10,0,0
BRDA:256,10,1,0
BRDA:259,11,0,0
BRDA:259,11,1,0
BRDA:271,12,0,0
BRDA:271,12,1,0
BRDA:271,13,0,0
BRDA:271,13,1,0
BRDA:274,14,0,0
BRDA:274,14,1,0
BRDA:274,15,0,0
BRDA:274,15,1,0
BRDA:277,16,0,0
BRDA:277,16,1,0
BRDA:277,17,0,0
BRDA:277,17,1,0
BRDA:282,18,0,0
BRDA:282,18,1,0
BRDA:294,19,0,0
BRDA:294,19,1,0
BRDA:294,20,0,0
BRDA:294,20,1,0
BRDA:297,21,0,0
BRDA:297,21,1,0
BRDA:297,22,0,0
BRDA:297,22,1,0
BRDA:302,23,0,0
BRDA:302,23,1,0
BRDA:302,24,0,0
BRDA:302,24,1,0
BRDA:302,24,2,0
BRDA:313,25,0,0
BRDA:313,25,1,0
BRDA:314,26,0,0
BRDA:314,26,1,0
BRDA:324,27,0,0
BRDA:324,27,1,0
BRDA:324,28,0,0
BRDA:324,28,1,0
BRDA:332,29,0,0
BRDA:332,29,1,0
BRDA:335,30,0,0
BRDA:335,30,1,0
BRDA:340,31,0,0
BRDA:340,31,1,0
BRDA:345,32,0,0
BRDA:345,32,1,0
BRDA:349,33,0,0
BRDA:349,33,1,0
BRDA:349,34,0,0
BRDA:349,34,1,0
BRDA:350,35,0,0
BRDA:350,35,1,0
BRDA:350,36,0,0
BRDA:350,36,1,0
BRDA:361,37,0,0
BRDA:361,37,1,0
BRDA:365,38,0,0
BRDA:365,38,1,0
BRDA:370,39,0,0
BRDA:370,39,1,0
BRDA:375,40,0,0
BRDA:375,40,1,0
BRDA:379,41,0,0
BRDA:379,41,1,0
BRDA:379,42,0,0
BRDA:379,42,1,0
BRDA:380,43,0,0
BRDA:380,43,1,0
BRDA:380,44,0,0
BRDA:380,44,1,0
BRDA:384,45,0,0
BRDA:384,45,1,0
BRDA:384,46,0,0
BRDA:384,46,1,0
BRDA:391,47,0,0
BRDA:391,47,1,0
BRDA:400,48,0,0
BRDA:400,48,1,0
BRDA:400,49,0,0
BRDA:400,49,1,0
BRDA:408,50,0,0
BRDA:408,50,1,0
BRDA:419,51,0,0
BRDA:419,51,1,0
BRDA:419,52,0,0
BRDA:419,52,1,0
BRDA:419,52,2,0
BRDA:419,52,3,0
BRDA:419,52,4,0
BRDA:427,53,0,0
BRDA:427,53,1,0
BRDA:435,54,0,0
BRDA:435,54,1,0
BRDA:435,55,0,0
BRDA:435,55,1,0
BRDA:435,55,2,0
BRDA:435,55,3,0
BRDA:450,56,0,0
BRDA:450,56,1,0
BRDA:452,57,0,0
BRDA:452,57,1,0
BRDA:454,58,0,0
BRDA:454,58,1,0
BRDA:458,59,0,0
BRDA:458,59,1,0
BRDA:459,60,0,0
BRDA:459,60,1,0
BRDA:460,61,0,0
BRDA:460,61,1,0
BRDA:461,62,0,0
BRDA:461,62,1,0
BRDA:463,63,0,0
BRDA:463,63,1,0
BRDA:463,64,0,0
BRDA:463,64,1,0
BRDA:463,64,2,0
BRDA:478,65,0,0
BRDA:478,65,1,0
BRDA:494,66,0,0
BRDA:494,66,1,0
BRDA:494,66,2,0
BRDA:498,67,0,0
BRDA:498,67,1,0
BRDA:498,68,0,0
BRDA:498,68,1,0
BRDA:498,68,2,0
BRDA:498,68,3,0
BRDA:510,69,0,0
BRDA:510,69,1,0
BRDA:558,70,0,24
BRDA:558,70,1,0
BRDA:559,71,0,2
BRDA:559,71,1,22
BRDA:573,72,0,24
BRDA:573,72,1,0
BRDA:573,72,2,0
BRDA:578,73,0,24
BRDA:578,73,1,18
BRDA:582,74,0,24
BRDA:582,74,1,0
BRDA:582,74,2,0
BRDA:640,75,0,0
BRDA:640,75,1,24
BRDA:641,76,0,0
BRDA:641,76,1,0
BRDA:650,77,0,24
BRDA:650,77,1,0
BRDA:692,78,0,24
BRDA:692,78,1,0
BRDA:744,79,0,12
BRDA:744,79,1,0
BRDA:794,80,0,3
BRDA:794,80,1,9
BRDA:794,81,0,12
BRDA:794,81,1,9
BRDA:794,81,2,9
BRDA:798,82,0,3
BRDA:798,82,1,9
BRDA:803,83,0,12
BRDA:803,83,1,11
BRDA:809,84,0,0
BRDA:809,84,1,2
BRDA:810,85,0,1
BRDA:810,85,1,11
BRDA:811,86,0,1
BRDA:811,86,1,11
BRDA:823,87,0,12
BRDA:823,87,1,11
BRF:189
BRH:30
end_of_record
TN:
SF:packages/terra-date-input/src/DateInputField.jsx
FN:141,(anonymous_0)
FNF:1
FNH:1
FNDA:1,(anonymous_0)
DA:15,1
DA:17,1
DA:118,1
DA:141,1
DA:167,1
DA:169,1
DA:170,1
DA:172,1
DA:179,1
DA:189,1
DA:190,1
DA:192,1
DA:194,1
DA:195,0
DA:198,1
DA:199,1
DA:200,1
DA:202,1
DA:203,1
DA:204,1
DA:207,1
DA:233,1
DA:235,1
DA:281,1
DA:282,1
LF:25
LH:24
BRDA:194,0,0,0
BRDA:194,0,1,1
BRDA:194,1,0,1
BRDA:194,1,1,0
BRDA:198,2,0,1
BRDA:198,2,1,1
BRDA:199,3,0,1
BRDA:199,3,1,1
BRDA:200,4,0,1
BRDA:200,4,1,1
BRDA:202,5,0,0
BRDA:202,5,1,1
BRDA:203,6,0,0
BRDA:203,6,1,1
BRDA:204,7,0,0
BRDA:204,7,1,1
BRDA:210,8,0,1
BRDA:210,8,1,0
BRDA:213,9,0,1
BRDA:213,9,1,0
BRDA:213,9,2,0
BRDA:213,9,3,0
BRDA:224,10,0,1
BRDA:224,10,1,0
BRDA:224,10,2,0
BRDA:224,10,3,0
BRDA:227,11,0,1
BRDA:227,11,1,0
BRDA:227,11,2,0
BRDA:228,12,0,1
BRDA:228,12,1,1
BRDA:239,13,0,1
BRDA:239,13,1,0
BRDA:271,14,0,1
BRDA:271,14,1,0
BRDA:271,14,2,0
BRDA:275,15,0,0
BRDA:275,15,1,1
BRF:38
BRH:20
end_of_record
TN:
SF:packages/terra-date-input/src/DateInputUtil.js
FN:8,(anonymous_0)
FN:17,(anonymous_1)
FN:47,(anonymous_2)
FN:77,(anonymous_3)
FN:106,(anonymous_4)
FN:134,(anonymous_5)
FN:157,(anonymous_6)
FN:187,(anonymous_7)
FN:204,(anonymous_8)
FN:215,(anonymous_9)
FN:231,(anonymous_10)
FNF:11
FNH:6
FNDA:0,(anonymous_0)
FNDA:0,(anonymous_1)
FNDA:0,(anonymous_2)
FNDA:0,(anonymous_3)
FNDA:0,(anonymous_4)
FNDA:12,(anonymous_5)
FNDA:12,(anonymous_6)
FNDA:12,(anonymous_7)
FNDA:3,(anonymous_8)
FNDA:73,(anonymous_9)
FNDA:13,(anonymous_10)
DA:9,0
DA:19,0
DA:20,0
DA:23,0
DA:24,0
DA:27,0
DA:28,0
DA:31,0
DA:32,0
DA:33,0
DA:36,0
DA:39,0
DA:49,0
DA:50,0
DA:53,0
DA:54,0
DA:57,0
DA:58,0
DA:61,0
DA:62,0
DA:63,0
DA:66,0
DA:69,0
DA:79,0
DA:80,0
DA:83,0
DA:84,0
DA:86,0
DA:87,0
DA:90,0
DA:91,0
DA:92,0
DA:95,0
DA:98,0
DA:108,0
DA:109,0
DA:112,0
DA:113,0
DA:115,0
DA:116,0
DA:119,0
DA:120,0
DA:121,0
DA:124,0
DA:127,0
DA:135,12
DA:136,3
DA:138,3
DA:139,3
DA:140,3
DA:141,3
DA:142,3
DA:147,0
DA:150,9
DA:158,12
DA:159,3
DA:161,3
DA:162,3
DA:164,3
DA:165,3
DA:168,0
DA:169,0
DA:172,0
DA:173,0
DA:177,0
DA:180,9
DA:188,12
DA:189,3
DA:190,3
DA:191,3
DA:194,0
DA:197,9
DA:205,3
DA:216,73
DA:217,0
DA:220,73
DA:221,0
DA:224,73
DA:225,73
DA:228,0
DA:232,13
DA:233,13
DA:236,0
DA:240,1
DA:245,1
DA:246,1
LF:86
LH:30
BRDA:9,0,0,0
BRDA:9,0,1,0
BRDA:19,1,0,0
BRDA:19,1,1,0
BRDA:23,2,0,0
BRDA:23,2,1,0
BRDA:27,3,0,0
BRDA:27,3,1,0
BRDA:31,4,0,0
BRDA:31,4,1,0
BRDA:33,5,0,0
BRDA:33,5,1,0
BRDA:49,6,0,0
BRDA:49,6,1,0
BRDA:53,7,0,0
BRDA:53,7,1,0
BRDA:57,8,0,0
BRDA:57,8,1,0
BRDA:61,9,0,0
BRDA:61,9,1,0
BRDA:63,10,0,0
BRDA:63,10,1,0
BRDA:79,11,0,0
BRDA:79,11,1,0
BRDA:83,12,0,0
BRDA:83,12,1,0
BRDA:86,13,0,0
BRDA:86,13,1,0
BRDA:90,14,0,0
BRDA:90,14,1,0
BRDA:90,15,0,0
BRDA:90,15,1,0
BRDA:108,16,0,0
BRDA:108,16,1,0
BRDA:112,17,0,0
BRDA:112,17,1,0
BRDA:115,18,0,0
BRDA:115,18,1,0
BRDA:119,19,0,0
BRDA:119,19,1,0
BRDA:135,20,0,3
BRDA:135,20,1,9
BRDA:138,21,0,3
BRDA:138,21,1,0
BRDA:139,22,0,3
BRDA:139,22,1,0
BRDA:141,23,0,3
BRDA:141,23,1,0
BRDA:141,24,0,3
BRDA:141,24,1,3
BRDA:158,25,0,3
BRDA:158,25,1,9
BRDA:161,26,0,3
BRDA:161,26,1,0
BRDA:164,27,0,3
BRDA:164,27,1,0
BRDA:164,28,0,3
BRDA:164,28,1,3
BRDA:168,29,0,0
BRDA:168,29,1,0
BRDA:172,30,0,0
BRDA:172,30,1,0
BRDA:188,31,0,3
BRDA:188,31,1,9
BRDA:190,32,0,3
BRDA:190,32,1,0
BRDA:190,33,0,3
BRDA:190,33,1,3
BRDA:216,34,0,0
BRDA:216,34,1,73
BRDA:220,35,0,0
BRDA:220,35,1,73
BRDA:224,36,0,73
BRDA:224,36,1,0
BRDA:224,37,0,73
BRDA:224,37,1,0
BRDA:232,38,0,13
BRDA:232,38,1,0
BRF:78
BRH:23
end_of_record
TN:
SF:packages/terra-date-picker/src/CalendarFilter.jsx
FN:62,(anonymous_0)
FN:75,(anonymous_1)
FNF:2
FNH:0
FNDA:0,(anonymous_0)
FNDA:0,(anonymous_1)
DA:8,0
DA:10,0
DA:52,0
DA:62,0
DA:73,0
DA:75,0
DA:76,0
DA:77,0
DA:78,0
DA:82,0
DA:100,0
DA:101,0
LF:12
LH:0
BRDA:76,0,0,0
BRDA:76,0,1,0
BRF:2
BRH:0
end_of_record
TN:
SF:packages/terra-date-picker/src/DateInput.jsx
FN:140,(anonymous_0)
FN:195,(anonymous_1)
FN:196,(anonymous_2)
FN:201,(anonymous_3)
FN:213,(anonymous_4)
FN:226,(anonymous_5)
FN:258,(anonymous_6)
FN:276,(anonymous_7)
FN:318,(anonymous_8)
FN:344,(anonymous_9)
FN:370,(anonymous_10)
FN:396,(anonymous_11)
FN:402,(anonymous_12)
FN:436,(anonymous_13)
FN:472,(anonymous_14)
FN:504,(anonymous_15)
FN:566,(anonymous_16)
FN:585,(anonymous_17)
FN:632,(anonymous_18)
FN:639,(anonymous_19)
FN:668,(anonymous_20)
FN:675,(anonymous_21)
FN:676,(anonymous_22)
FN:677,(anonymous_23)
FN:699,(anonymous_24)
FN:706,(anonymous_25)
FN:707,(anonymous_26)
FN:708,(anonymous_27)
FN:730,(anonymous_28)
FN:737,(anonymous_29)
FN:738,(anonymous_30)
FN:739,(anonymous_31)
FNF:32
FNH:0
FNDA:0,(anonymous_0)
FNDA:0,(anonymous_1)
FNDA:0,(anonymous_2)
FNDA:0,(anonymous_3)
FNDA:0,(anonymous_4)
FNDA:0,(anonymous_5)
FNDA:0,(anonymous_6)
FNDA:0,(anonymous_7)
FNDA:0,(anonymous_8)
FNDA:0,(anonymous_9)
FNDA:0,(anonymous_10)
FNDA:0,(anonymous_11)
FNDA:0,(anonymous_12)
FNDA:0,(anonymous_13)
FNDA:0,(anonymous_14)
FNDA:0,(anonymous_15)
FNDA:0,(anonymous_16)
FNDA:0,(anonymous_17)
FNDA:0,(anonymous_18)
FNDA:0,(anonymous_19)
FNDA:0,(anonymous_20)
FNDA:0,(anonymous_21)
FNDA:0,(anonymous_22)
FNDA:0,(anonymous_23)
FNDA:0,(anonymous_24)
FNDA:0,(anonymous_25)
FNDA:0,(anonymous_26)
FNDA:0,(anonymous_27)
FNDA:0,(anonymous_28)
FNDA:0,(anonymous_29)
FNDA:0,(anonymous_30)
FNDA:0,(anonymous_31)
DA:29,0
DA:31,0
DA:121,0
DA:140,0
DA:162,0
DA:164,0
DA:165,0
DA:166,0
DA:167,0
DA:168,0
DA:169,0
DA:175,0
DA:176,0
DA:177,0
DA:183,0
DA:186,0
DA:187,0
DA:188,0
DA:189,0
DA:191,0
DA:194,0
DA:195,0
DA:196,0
DA:197,0
DA:198,0
DA:199,0
DA:201,0
DA:203,0
DA:204,0
DA:205,0
DA:206,0
DA:208,0
DA:213,0
DA:214,0
DA:215,0
DA:226,0
DA:227,0
DA:228,0
DA:229,0
DA:230,0
DA:232,0
DA:235,0
DA:236,0
DA:237,0
DA:238,0
DA:240,0
DA:243,0
DA:244,0
DA:245,0
DA:246,0
DA:247,0
DA:258,0
DA:259,0
DA:260,0
DA:261,0
DA:262,0
DA:264,0
DA:267,0
DA:268,0
DA:276,0
DA:277,0
DA:279,0
DA:280,0
DA:281,0
DA:282,0
DA:283,0
DA:284,0
DA:286,0
DA:287,0
DA:292,0
DA:293,0
DA:294,0
DA:297,0
DA:298,0
DA:299,0
DA:300,0
DA:301,0
DA:304,0
DA:305,0
DA:306,0
DA:307,0
DA:309,0
DA:311,0
DA:315,0
DA:318,0
DA:319,0
DA:320,0
DA:321,0
DA:327,0
DA:328,0
DA:333,0
DA:334,0
DA:336,0
DA:337,0
DA:341,0
DA:344,0
DA:345,0
DA:346,0
DA:347,0
DA:353,0
DA:354,0
DA:359,0
DA:360,0
DA:362,0
DA:363,0
DA:367,0
DA:370,0
DA:371,0
DA:372,0
DA:373,0
DA:379,0
DA:380,0
DA:384,0
DA:385,0
DA:389,0
DA:390,0
DA:393,0
DA:396,0
DA:397,0
DA:398,0
DA:399,0
DA:402,0
DA:403,0
DA:404,0
DA:407,0
DA:408,0
DA:409,0
DA:410,0
DA:412,0
DA:413,0
DA:414,0
DA:415,0
DA:419,0
DA:420,0
DA:421,0
DA:422,0
DA:423,0
DA:425,0
DA:426,0
DA:427,0
DA:429,0
DA:430,0
DA:431,0
DA:436,0
DA:437,0
DA:438,0
DA:441,0
DA:442,0
DA:443,0
DA:444,0
DA:446,0
DA:447,0
DA:448,0
DA:449,0
DA:453,0
DA:454,0
DA:455,0
DA:457,0
DA:458,0
DA:459,0
DA:460,0
DA:461,0
DA:463,0
DA:464,0
DA:465,0
DA:466,0
DA:467,0
DA:472,0
DA:473,0
DA:474,0
DA:477,0
DA:478,0
DA:479,0
DA:480,0
DA:482,0
DA:483,0
DA:484,0
DA:485,0
DA:489,0
DA:490,0
DA:491,0
DA:493,0
DA:494,0
DA:495,0
DA:497,0
DA:498,0
DA:499,0
DA:504,0
DA:505,0
DA:506,0
DA:509,0
DA:510,0
DA:511,0
DA:513,0
DA:516,0
DA:517,0
DA:518,0
DA:519,0
DA:520,0
DA:522,0
DA:523,0
DA:524,0
DA:527,0
DA:528,0
DA:529,0
DA:531,0
DA:533,0
DA:534,0
DA:535,0
DA:537,0
DA:538,0
DA:539,0
DA:542,0
DA:543,0
DA:544,0
DA:546,0
DA:548,0
DA:549,0
DA:550,0
DA:552,0
DA:553,0
DA:554,0
DA:557,0
DA:558,0
DA:559,0
DA:560,0
DA:561,0
DA:562,0
DA:566,0
DA:567,0
DA:568,0
DA:571,0
DA:573,0
DA:574,0
DA:575,0
DA:576,0
DA:577,0
DA:578,0
DA:580,0
DA:581,0
DA:585,0
DA:586,0
DA:587,0
DA:590,0
DA:592,0
DA:593,0
DA:594,0
DA:595,0
DA:597,0
DA:600,0
DA:601,0
DA:605,0
DA:606,0
DA:608,0
DA:610,0
DA:611,0
DA:613,0
DA:615,0
DA:617,0
DA:618,0
DA:620,0
DA:622,0
DA:623,0
DA:625,0
DA:627,0
DA:632,0
DA:633,0
DA:634,0
DA:635,0
DA:639,0
DA:640,0
DA:641,0
DA:645,0
DA:647,0
DA:648,0
DA:649,0
DA:651,0
DA:653,0
DA:654,0
DA:657,0
DA:663,0
DA:668,0
DA:675,0
DA:676,0
DA:677,0
DA:688,0
DA:694,0
DA:699,0
DA:706,0
DA:707,0
DA:708,0
DA:719,0
DA:725,0
DA:730,0
DA:737,0
DA:738,0
DA:739,0
DA:750,0
DA:752,0
DA:759,0
DA:760,0
DA:762,0
DA:767,0
DA:816,0
DA:817,0
LF:305
LH:0
BRDA:183,0,0,0
BRDA:183,0,1,0
BRDA:183,1,0,0
BRDA:183,1,1,0
BRDA:203,2,0,0
BRDA:203,2,1,0
BRDA:214,3,0,0
BRDA:214,3,1,0
BRDA:214,4,0,0
BRDA:214,4,1,0
BRDA:227,5,0,0
BRDA:227,5,1,0
BRDA:228,6,0,0
BRDA:228,6,1,0
BRDA:229,7,0,0
BRDA:229,7,1,0
BRDA:235,8,0,0
BRDA:235,8,1,0
BRDA:236,9,0,0
BRDA:236,9,1,0
BRDA:237,10,0,0
BRDA:237,10,1,0
BRDA:243,11,0,0
BRDA:243,11,1,0
BRDA:244,12,0,0
BRDA:244,12,1,0
BRDA:246,13,0,0
BRDA:246,13,1,0
BRDA:246,14,0,0
BRDA:246,14,1,0
BRDA:259,15,0,0
BRDA:259,15,1,0
BRDA:261,16,0,0
BRDA:261,16,1,0
BRDA:267,17,0,0
BRDA:267,17,1,0
BRDA:279,18,0,0
BRDA:279,18,1,0
BRDA:282,19,0,0
BRDA:282,19,1,0
BRDA:292,20,0,0
BRDA:292,20,1,0
BRDA:292,21,0,0
BRDA:292,21,1,0
BRDA:292,21,2,0
BRDA:297,22,0,0
BRDA:297,22,1,0
BRDA:298,23,0,0
BRDA:298,23,1,0
BRDA:300,24,0,0
BRDA:300,24,1,0
BRDA:300,25,0,0
BRDA:300,25,1,0
BRDA:300,25,2,0
BRDA:304,26,0,0
BRDA:304,26,1,0
BRDA:306,27,0,0
BRDA:306,27,1,0
BRDA:320,28,0,0
BRDA:320,28,1,0
BRDA:327,29,0,0
BRDA:327,29,1,0
BRDA:327,30,0,0
BRDA:327,30,1,0
BRDA:327,30,2,0
BRDA:327,30,3,0
BRDA:333,31,0,0
BRDA:333,31,1,0
BRDA:336,32,0,0
BRDA:336,32,1,0
BRDA:346,33,0,0
BRDA:346,33,1,0
BRDA:353,34,0,0
BRDA:353,34,1,0
BRDA:353,35,0,0
BRDA:353,35,1,0
BRDA:353,35,2,0
BRDA:353,35,3,0
BRDA:359,36,0,0
BRDA:359,36,1,0
BRDA:362,37,0,0
BRDA:362,37,1,0
BRDA:372,38,0,0
BRDA:372,38,1,0
BRDA:379,39,0,0
BRDA:379,39,1,0
BRDA:379,40,0,0
BRDA:379,40,1,0
BRDA:384,41,0,0
BRDA:384,41,1,0
BRDA:384,42,0,0
BRDA:384,42,1,0
BRDA:384,42,2,0
BRDA:389,43,0,0
BRDA:389,43,1,0
BRDA:389,44,0,0
BRDA:389,44,1,0
BRDA:389,44,2,0
BRDA:403,45,0,0
BRDA:403,45,1,0
BRDA:407,46,0,0
BRDA:407,46,1,0
BRDA:409,47,0,0
BRDA:409,47,1,0
BRDA:412,48,0,0
BRDA:412,48,1,0
BRDA:414,49,0,0
BRDA:414,49,1,0
BRDA:419,50,0,0
BRDA:419,50,1,0
BRDA:420,51,0,0
BRDA:420,51,1,0
BRDA:420,52,0,0
BRDA:420,52,1,0
BRDA:420,52,2,0
BRDA:420,52,3,0
BRDA:422,53,0,0
BRDA:422,53,1,0
BRDA:422,54,0,0
BRDA:422,54,1,0
BRDA:425,55,0,0
BRDA:425,55,1,0
BRDA:426,56,0,0
BRDA:426,56,1,0
BRDA:426,57,0,0
BRDA:426,57,1,0
BRDA:429,58,0,0
BRDA:429,58,1,0
BRDA:430,59,0,0
BRDA:430,59,1,0
BRDA:430,60,0,0
BRDA:430,60,1,0
BRDA:430,60,2,0
BRDA:430,60,3,0
BRDA:437,61,0,0
BRDA:437,61,1,0
BRDA:441,62,0,0
BRDA:441,62,1,0
BRDA:443,63,0,0
BRDA:443,63,1,0
BRDA:446,64,0,0
BRDA:446,64,1,0
BRDA:448,65,0,0
BRDA:448,65,1,0
BRDA:453,66,0,0
BRDA:453,66,1,0
BRDA:454,67,0,0
BRDA:454,67,1,0
BRDA:454,68,0,0
BRDA:454,68,1,0
BRDA:457,69,0,0
BRDA:457,69,1,0
BRDA:458,70,0,0
BRDA:458,70,1,0
BRDA:458,71,0,0
BRDA:458,71,1,0
BRDA:458,71,2,0
BRDA:458,71,3,0
BRDA:460,72,0,0
BRDA:460,72,1,0
BRDA:460,73,0,0
BRDA:460,73,1,0
BRDA:463,74,0,0
BRDA:463,74,1,0
BRDA:464,75,0,0
BRDA:464,75,1,0
BRDA:464,76,0,0
BRDA:464,76,1,0
BRDA:464,76,2,0
BRDA:464,76,3,0
BRDA:466,77,0,0
BRDA:466,77,1,0
BRDA:466,78,0,0
BRDA:466,78,1,0
BRDA:473,79,0,0
BRDA:473,79,1,0
BRDA:477,80,0,0
BRDA:477,80,1,0
BRDA:479,81,0,0
BRDA:479,81,1,0
BRDA:482,82,0,0
BRDA:482,82,1,0
BRDA:484,83,0,0
BRDA:484,83,1,0
BRDA:489,84,0,0
BRDA:489,84,1,0
BRDA:490,85,0,0
BRDA:490,85,1,0
BRDA:490,86,0,0
BRDA:490,86,1,0
BRDA:490,86,2,0
BRDA:490,86,3,0
BRDA:493,87,0,0
BRDA:493,87,1,0
BRDA:494,88,0,0
BRDA:494,88,1,0
BRDA:494,89,0,0
BRDA:494,89,1,0
BRDA:494,89,2,0
BRDA:494,89,3,0
BRDA:497,90,0,0
BRDA:497,90,1,0
BRDA:498,91,0,0
BRDA:498,91,1,0
BRDA:498,92,0,0
BRDA:498,92,1,0
BRDA:509,93,0,0
BRDA:509,93,1,0
BRDA:509,94,0,0
BRDA:509,94,1,0
BRDA:509,94,2,0
BRDA:516,95,0,0
BRDA:516,95,1,0
BRDA:516,96,0,0
BRDA:516,96,1,0
BRDA:519,97,0,0
BRDA:519,97,1,0
BRDA:527,98,0,0
BRDA:527,98,1,0
BRDA:527,99,0,0
BRDA:527,99,1,0
BRDA:528,100,0,0
BRDA:528,100,1,0
BRDA:534,101,0,0
BRDA:534,101,1,0
BRDA:542,102,0,0
BRDA:542,102,1,0
BRDA:542,103,0,0
BRDA:542,103,1,0
BRDA:543,104,0,0
BRDA:543,104,1,0
BRDA:549,105,0,0
BRDA:549,105,1,0
BRDA:557,106,0,0
BRDA:557,106,1,0
BRDA:559,107,0,0
BRDA:559,107,1,0
BRDA:561,108,0,0
BRDA:561,108,1,0
BRDA:567,109,0,0
BRDA:567,109,1,0
BRDA:573,110,0,0
BRDA:573,110,1,0
BRDA:576,111,0,0
BRDA:576,111,1,0
BRDA:586,112,0,0
BRDA:586,112,1,0
BRDA:592,113,0,0
BRDA:592,113,1,0
BRDA:594,114,0,0
BRDA:594,114,1,0
BRDA:600,115,0,0
BRDA:600,115,1,0
BRDA:600,116,0,0
BRDA:600,116,1,0
BRDA:605,117,0,0
BRDA:605,117,1,0
BRDA:606,118,0,0
BRDA:606,118,1,0
BRDA:610,119,0,0
BRDA:610,119,1,0
BRDA:613,120,0,0
BRDA:613,120,1,0
BRDA:618,121,0,0
BRDA:618,121,1,0
BRDA:623,122,0,0
BRDA:623,122,1,0
BRDA:623,123,0,0
BRDA:623,123,1,0
BRDA:623,123,2,0
BRDA:634,124,0,0
BRDA:634,124,1,0
BRDA:634,125,0,0
BRDA:634,125,1,0
BRDA:634,125,2,0
BRDA:640,126,0,0
BRDA:640,126,1,0
BRDA:647,127,0,0
BRDA:647,127,1,0
BRDA:648,128,0,0
BRDA:648,128,1,0
BRDA:648,129,0,0
BRDA:648,129,1,0
BRDA:653,130,0,0
BRDA:653,130,1,0
BRDA:653,131,0,0
BRDA:653,131,1,0
BRDA:669,132,0,0
BRDA:669,132,1,0
BRDA:700,133,0,0
BRDA:700,133,1,0
BRDA:731,134,0,0
BRDA:731,134,1,0
BRDA:756,135,0,0
BRDA:756,135,1,0
BRDA:756,135,2,0
BRDA:759,136,0,0
BRDA:759,136,1,0
BRDA:772,137,0,0
BRDA:772,137,1,0
BRDA:783,138,0,0
BRDA:783,138,1,0
BRDA:807,139,0,0
BRDA:807,139,1,0
BRF:304
BRH:0
end_of_record
TN:
SF:packages/terra-date-picker/src/DatePicker.jsx
FN:171,(anonymous_0)
FN:196,(anonymous_1)
FN:217,(anonymous_2)
FN:222,(anonymous_3)
FN:230,(anonymous_4)
FN:238,(anonymous_5)
FN:257,(anonymous_6)
FN:270,(anonymous_7)
FN:276,(anonymous_8)
FN:292,(anonymous_9)
FN:307,(anonymous_10)
FN:321,(anonymous_11)
FN:331,(anonymous_12)
FN:341,(anonymous_13)
FN:357,(anonymous_14)
FN:378,(anonymous_15)
FN:382,(anonymous_16)
FN:396,(anonymous_17)
FN:493,(anonymous_18)
FNF:19
FNH:0
FNDA:0,(anonymous_0)
FNDA:0,(anonymous_1)
FNDA:0,(anonymous_2)
FNDA:0,(anonymous_3)
FNDA:0,(anonymous_4)
FNDA:0,(anonymous_5)
FNDA:0,(anonymous_6)
FNDA:0,(anonymous_7)
FNDA:0,(anonymous_8)
FNDA:0,(anonymous_9)
FNDA:0,(anonymous_10)
FNDA:0,(anonymous_11)
FNDA:0,(anonymous_12)
FNDA:0,(anonymous_13)
FNDA:0,(anonymous_14)
FNDA:0,(anonymous_15)
FNDA:0,(anonymous_16)
FNDA:0,(anonymous_17)
FNDA:0,(anonymous_18)
DA:13,0
DA:15,0
DA:146,0
DA:172,0
DA:174,0
DA:175,0
DA:181,0
DA:182,0
DA:183,0
DA:184,0
DA:185,0
DA:186,0
DA:187,0
DA:188,0
DA:189,0
DA:190,0
DA:191,0
DA:192,0
DA:193,0
DA:197,0
DA:198,0
DA:201,0
DA:202,0
DA:205,0
DA:206,0
DA:208,0
DA:214,0
DA:218,0
DA:219,0
DA:223,0
DA:225,0
DA:226,0
DA:231,0
DA:232,0
DA:235,0
DA:244,0
DA:245,0
DA:248,0
DA:249,0
DA:251,0
DA:252,0
DA:255,0
DA:257,0
DA:263,0
DA:264,0
DA:271,0
DA:272,0
DA:279,0
DA:282,0
DA:283,0
DA:284,0
DA:285,0
DA:288,0
DA:293,0
DA:294,0
DA:297,0
DA:301,0
DA:302,0
DA:303,0
DA:308,0
DA:309,0
DA:310,0
DA:315,0
DA:316,0
DA:317,0
DA:322,0
DA:324,0
DA:325,0
DA:326,0
DA:327,0
DA:335,0
DA:336,0
DA:337,0
DA:342,0
DA:343,0
DA:346,0
DA:347,0
DA:348,0
DA:349,0
DA:352,0
DA:353,0
DA:358,0
DA:359,0
DA:360,0
DA:362,0
DA:364,0
DA:365,0
DA:368,0
DA:375,0
DA:379,0
DA:383,0
DA:385,0
DA:386,0
DA:389,0
DA:390,0
DA:393,0
DA:424,0
DA:426,0
DA:428,0
DA:430,0
DA:432,0
DA:434,0
DA:435,0
DA:441,0
DA:443,0
DA:444,0
DA:447,0
DA:448,0
DA:452,0
DA:455,0
DA:456,0
DA:459,0
DA:461,0
DA:493,0
DA:524,0
DA:525,0
DA:526,0
LF:117
LH:0
BRDA:177,0,0,0
BRDA:177,0,1,0
BRDA:177,0,2,0
BRDA:178,1,0,0
BRDA:178,1,1,0
BRDA:201,2,0,0
BRDA:201,2,1,0
BRDA:201,3,0,0
BRDA:201,3,1,0
BRDA:205,4,0,0
BRDA:205,4,1,0
BRDA:218,5,0,0
BRDA:218,5,1,0
BRDA:219,6,0,0
BRDA:219,6,1,0
BRDA:223,7,0,0
BRDA:223,7,1,0
BRDA:223,7,2,0
BRDA:225,8,0,0
BRDA:225,8,1,0
BRDA:231,9,0,0
BRDA:231,9,1,0
BRDA:232,10,0,0
BRDA:232,10,1,0
BRDA:244,11,0,0
BRDA:244,11,1,0
BRDA:244,12,0,0
BRDA:244,12,1,0
BRDA:244,12,2,0
BRDA:244,12,3,0
BRDA:251,13,0,0
BRDA:251,13,1,0
BRDA:255,14,0,0
BRDA:255,14,1,0
BRDA:263,15,0,0
BRDA:263,15,1,0
BRDA:271,16,0,0
BRDA:271,16,1,0
BRDA:279,17,0,0
BRDA:279,17,1,0
BRDA:282,18,0,0
BRDA:282,18,1,0
BRDA:283,19,0,0
BRDA:283,19,1,0
BRDA:293,20,0,0
BRDA:293,20,1,0
BRDA:301,21,0,0
BRDA:301,21,1,0
BRDA:303,22,0,0
BRDA:303,22,1,0
BRDA:309,23,0,0
BRDA:309,23,1,0
BRDA:315,24,0,0
BRDA:315,24,1,0
BRDA:324,25,0,0
BRDA:324,25,1,0
BRDA:335,26,0,0
BRDA:335,26,1,0
BRDA:335,27,0,0
BRDA:335,27,1,0
BRDA:335,27,2,0
BRDA:342,28,0,0
BRDA:342,28,1,0
BRDA:346,29,0,0
BRDA:346,29,1,0
BRDA:346,30,0,0
BRDA:346,30,1,0
BRDA:349,31,0,0
BRDA:349,31,1,0
BRDA:360,32,0,0
BRDA:360,32,1,0
BRDA:364,33,0,0
BRDA:364,33,1,0
BRDA:364,34,0,0
BRDA:364,34,1,0
BRDA:364,34,2,0
BRDA:385,35,0,0
BRDA:385,35,1,0
BRDA:389,36,0,0
BRDA:389,36,1,0
BRDA:434,37,0,0
BRDA:434,37,1,0
BRDA:441,38,0,0
BRDA:441,38,1,0
BRDA:443,39,0,0
BRDA:443,39,1,0
BRDA:447,40,0,0
BRDA:447,40,1,0
BRDA:455,41,0,0
BRDA:455,41,1,0
BRDA:455,42,0,0
BRDA:455,42,1,0
BRDA:491,43,0,0
BRDA:491,43,1,0
BRF:94
BRH:0
end_of_record
TN:
SF:packages/terra-date-picker/src/DatePickerField.jsx
FN:181,(anonymous_0)
FNF:1
FNH:0
FNDA:0,(anonymous_0)
DA:8,0
DA:152,0
DA:181,0
DA:216,0
DA:218,0
DA:220,0
DA:221,0
DA:224,0
DA:226,0
DA:227,0
DA:228,0
DA:231,0
DA:233,0
DA:245,0
DA:290,0
DA:291,0
LF:16
LH:0
BRDA:220,0,0,0
BRDA:220,0,1,0
BRDA:220,1,0,0
BRDA:220,1,1,0
BRDA:224,2,0,0
BRDA:224,2,1,0
BRDA:227,3,0,0
BRDA:227,3,1,0
BRDA:228,4,0,0
BRDA:228,4,1,0
BRDA:233,5,0,0
BRDA:233,5,1,0
BRF:12
BRH:0
end_of_record
TN:
SF:packages/terra-date-picker/src/DateRange.jsx
FN:36,(anonymous_0)
FN:46,(anonymous_1)
FN:61,(anonymous_2)
FN:65,(anonymous_3)
FN:69,(anonymous_4)
FNF:5
FNH:0
FNDA:0,(anonymous_0)
FNDA:0,(anonymous_1)
FNDA:0,(anonymous_2)
FNDA:0,(anonymous_3)
FNDA:0,(anonymous_4)
DA:6,0
DA:29,0
DA:37,0
DA:38,0
DA:42,0
DA:43,0
DA:47,0
DA:48,0
DA:50,0
DA:51,0
DA:54,0
DA:56,0
DA:57,0
DA:62,0
DA:66,0
DA:77,0
DA:79,0
DA:104,0
DA:105,0
LF:19
LH:0
BRDA:46,0,0,0
BRDA:46,1,0,0
BRDA:50,2,0,0
BRDA:50,2,1,0
BRDA:56,3,0,0
BRDA:56,3,1,0
BRF:6
BRH:0
end_of_record
TN:
SF:packages/terra-date-picker/src/DateUtil.js
FN:12,(anonymous_0)
FN:42,(anonymous_1)
FN:57,(anonymous_2)
FN:80,(anonymous_3)
FN:110,(anonymous_4)
FN:134,(anonymous_5)
FN:148,(anonymous_6)
FN:163,(anonymous_7)
FN:181,(anonymous_8)
FN:205,(anonymous_9)
FN:237,(anonymous_10)
FN:248,(anonymous_11)
FN:263,(anonymous_12)
FN:273,(anonymous_13)
FN:282,(anonymous_14)
FN:304,(anonymous_15)
FN:322,(anonymous_16)
FN:335,(anonymous_17)
FN:348,(anonymous_18)
FN:361,(anonymous_19)
FN:381,(anonymous_20)
FN:403,(anonymous_21)
FN:444,(anonymous_22)
FN:482,(anonymous_23)
FN:502,(anonymous_24)
FN:522,(anonymous_25)
FN:537,(anonymous_26)
FN:552,(anonymous_27)
FNF:28
FNH:0
FNDA:0,(anonymous_0)
FNDA:0,(anonymous_1)
FNDA:0,(anonymous_2)
FNDA:0,(anonymous_3)
FNDA:0,(anonymous_4)
FNDA:0,(anonymous_5)
FNDA:0,(anonymous_6)
FNDA:0,(anonymous_7)
FNDA:0,(anonymous_8)
FNDA:0,(anonymous_9)
FNDA:0,(anonymous_10)
FNDA:0,(anonymous_11)
FNDA:0,(anonymous_12)
FNDA:0,(anonymous_13)
FNDA:0,(anonymous_14)
FNDA:0,(anonymous_15)
FNDA:0,(anonymous_16)
FNDA:0,(anonymous_17)
FNDA:0,(anonymous_18)
FNDA:0,(anonymous_19)
FNDA:0,(anonymous_20)
FNDA:0,(anonymous_21)
FNDA:0,(anonymous_22)
FNDA:0,(anonymous_23)
FNDA:0,(anonymous_24)
FNDA:0,(anonymous_25)
FNDA:0,(anonymous_26)
FNDA:0,(anonymous_27)
DA:13,0
DA:14,0
DA:17,0
DA:20,0
DA:21,0
[...]
BRDA:171,17,1,0
BRDA:175,18,0,0
BRDA:175,18,1,0
BRDA:176,19,0,0
BRDA:176,19,1,0
BRDA:181,20,0,0
BRDA:181,20,1,0
BRDA:182,21,0,0
BRDA:182,21,1,0
BRDA:192,22,0,0
BRDA:192,22,1,0
BRDA:197,23,0,0
BRDA:197,23,1,0
BRDA:198,24,0,0
BRDA:198,24,1,0
BRDA:211,25,0,0
BRDA:211,25,1,0
BRDA:211,26,0,0
BRDA:211,26,1,0
BRDA:216,27,0,0
BRDA:216,27,1,0
BRDA:217,28,0,0
BRDA:217,28,1,0
BRDA:234,29,0,1
BRDA:234,29,1,1
BRDA:239,30,0,1
BRDA:239,30,1,1
BRDA:255,31,0,1
BRDA:255,31,1,0
BRDA:255,32,0,1
BRDA:255,32,1,1
BRDA:264,33,0,0
BRDA:264,33,1,1
BRDA:275,34,0,0
BRDA:275,34,1,1
BRDA:275,35,0,1
BRDA:275,35,1,1
BRDA:276,36,0,0
BRDA:276,36,1,0
BRF:76
BRH:21
end_of_record
TN:
SF:packages/terra-tabs/src/_TabMenu.jsx
FN:36,(anonymous_0)
FN:49,(anonymous_1)
FN:53,(anonymous_2)
FN:57,(anonymous_3)
FN:63,(anonymous_4)
FN:67,(anonymous_5)
FN:75,(anonymous_6)
FN:76,(anonymous_7)
FN:87,(anonymous_8)
FN:92,(anonymous_9)
FN:137,(anonymous_10)
FNF:11
FNH:6
FNDA:2,(anonymous_0)
FNDA:0,(anonymous_1)
FNDA:0,(anonymous_2)
FNDA:0,(anonymous_3)
FNDA:0,(anonymous_4)
FNDA:3,(anonymous_5)
FNDA:1,(anonymous_6)
FNDA:0,(anonymous_7)
FNDA:2,(anonymous_8)
FNDA:1,(anonymous_9)
FNDA:2,(anonymous_10)
DA:11,1
DA:13,1
DA:37,2
DA:38,2
DA:39,2
DA:40,2
DA:41,2
DA:42,2
DA:43,2
DA:44,2
DA:50,0
DA:54,0
DA:58,0
DA:59,0
DA:64,0
DA:68,3
DA:70,3
DA:71,2
DA:76,1
DA:77,0
DA:79,0
DA:80,0
DA:83,0
DA:88,2
DA:89,2
DA:92,2
DA:95,1
DA:96,1
DA:98,1
DA:99,1
DA:100,1
DA:101,1
DA:104,1
DA:116,2
DA:117,2
DA:119,2
DA:120,1
DA:121,0
DA:125,2
DA:138,2
DA:154,1
DA:155,1
LF:42
LH:32
BRDA:58,0,0,0
BRDA:58,0,1,0
BRDA:70,1,0,2
BRDA:70,1,1,1
BRDA:79,2,0,0
BRDA:79,2,1,0
BRDA:98,3,0,1
BRDA:98,3,1,0
BRDA:110,4,0,0
BRDA:110,4,1,1
BRDA:119,5,0,1
BRDA:119,5,1,1
BRDA:119,6,0,2
BRDA:119,6,1,1
BRDA:120,7,0,0
BRDA:120,7,1,1
BRDA:120,8,0,1
BRDA:120,8,1,0
BRDA:138,9,0,2
BRDA:138,9,1,1
BRF:20
BRH:12
end_of_record
TN:
SF:packages/terra-theme-context/src/ThemeContext.jsx
FNF:0
FNH:0
DA:4,2
DA:6,2
LF:2
LH:2
BRF:0
BRH:0
end_of_record
TN:
SF:packages/terra-theme-context/src/ThemeContextProvider.jsx
FN:23,(anonymous_0)
FN:24,(anonymous_1)
FNF:2
FNH:2
FNDA:2,(anonymous_0)
FNDA:2,(anonymous_1)
DA:5,1
DA:19,1
DA:23,1
DA:24,2
DA:25,2
DA:32,1
DA:33,1
LF:7
LH:7
BRF:0
BRH:0
end_of_record
TN:
SF:packages/terra-theme-provider/src/ThemeProvider.jsx
FN:15,(anonymous_0)
FN:19,(anonymous_1)
FN:23,(anonymous_2)
FNF:3
FNH:1
FNDA:3,(anonymous_0)
FNDA:0,(anonymous_1)
FNDA:0,(anonymous_2)
DA:4,1
DA:15,1
DA:19,3
DA:20,0
DA:21,0
DA:23,0
DA:24,0
DA:25,0
DA:30,3
DA:33,1
LF:10
LH:5
BRDA:20,0,0,0
BRDA:20,0,1,0
BRDA:24,1,0,0
BRDA:24,1,1,0
BRF:4
BRH:0
end_of_record
TN:
SF:packages/terra-time-input/src/TimeInput.jsx
FN:141,(anonymous_0)
FN:219,(anonymous_1)
FN:254,(anonymous_2)
FN:262,(anonymous_3)
FN:272,(anonymous_4)
FN:282,(anonymous_5)
FN:292,(anonymous_6)
FN:297,(anonymous_7)
FN:302,(anonymous_8)
FN:307,(anonymous_9)
FN:311,(anonymous_10)
FN:343,(anonymous_11)
FN:379,(anonymous_12)
FN:388,(anonymous_13)
FN:413,(anonymous_14)
FN:423,(anonymous_15)
FN:451,(anonymous_16)
FN:457,(anonymous_17)
FN:605,(anonymous_18)
FN:649,(anonymous_19)
FN:683,(anonymous_20)
FN:706,(anonymous_21)
FN:740,(anonymous_22)
FN:744,(anonymous_23)
FN:755,(anonymous_24)
FN:777,(anonymous_25)
FN:792,(anonymous_26)
FN:801,(anonymous_27)
FN:814,(anonymous_28)
FN:828,(anonymous_29)
FN:841,(anonymous_30)
FN:865,(anonymous_31)
FN:952,mask
FN:966,hourDescription
FN:1070,(anonymous_34)
FN:1080,(anonymous_35)
FN:1091,(anonymous_36)
FN:1099,(anonymous_37)
FN:1113,(anonymous_38)
FN:1121,(anonymous_39)
FNF:40
FNH:0
FNDA:0,(anonymous_0)
FNDA:0,(anonymous_1)
FNDA:0,(anonymous_2)
FNDA:0,(anonymous_3)
FNDA:0,(anonymous_4)
FNDA:0,(anonymous_5)
FNDA:0,(anonymous_6)
FNDA:0,(anonymous_7)
FNDA:0,(anonymous_8)
FNDA:0,(anonymous_9)
FNDA:0,(anonymous_10)
FNDA:0,(anonymous_11)
FNDA:0,(anonymous_12)
FNDA:0,(anonymous_13)
FNDA:0,(anonymous_14)
FNDA:0,(anonymous_15)
FNDA:0,(anonymous_16)
FNDA:0,(anonymous_17)
FNDA:0,(anonymous_18)
FNDA:0,(anonymous_19)
FNDA:0,(anonymous_20)
FNDA:0,(anonymous_21)
FNDA:0,(anonymous_22)
FNDA:0,(anonymous_23)
FNDA:0,(anonymous_24)
FNDA:0,(anonymous_25)
FNDA:0,(anonymous_26)
FNDA:0,(anonymous_27)
FNDA:0,(anonymous_28)
FNDA:0,(anonymous_29)
FNDA:0,(anonymous_30)
FNDA:0,(anonymous_31)
FNDA:0,mask
FNDA:0,hourDescription
FNDA:0,(anonymous_34)
FNDA:0,(anonymous_35)
FNDA:0,(anonymous_36)
FNDA:0,(anonymous_37)
FNDA:0,(anonymous_38)
FNDA:0,(anonymous_39)
DA:18,0
DA:20,0
DA:119,0
DA:142,0
DA:144,0
DA:145,0
DA:147,0
DA:148,0
DA:150,0
DA:157,0
DA:160,0
DA:162,0
DA:163,0
DA:164,0
DA:165,0
DA:166,0
DA:167,0
DA:168,0
DA:169,0
DA:170,0
DA:171,0
DA:172,0
DA:173,0
DA:174,0
DA:175,0
DA:176,0
DA:177,0
DA:178,0
DA:179,0
DA:180,0
DA:181,0
DA:183,0
DA:186,0
DA:187,0
DA:188,0
DA:190,0
DA:191,0
DA:192,0
DA:193,0
DA:195,0
DA:198,0
DA:199,0
DA:201,0
DA:203,0
DA:204,0
DA:207,0
DA:220,0
DA:222,0
DA:226,0
DA:229,0
DA:230,0
DA:232,0
DA:233,0
DA:234,0
DA:236,0
DA:237,0
DA:238,0
DA:239,0
DA:244,0
DA:255,0
DA:256,0
DA:259,0
DA:263,0
DA:264,0
DA:267,0
DA:268,0
DA:273,0
DA:274,0
DA:277,0
DA:278,0
DA:283,0
DA:284,0
DA:287,0
DA:288,0
DA:293,0
DA:294,0
DA:298,0
DA:299,0
DA:303,0
DA:304,0
DA:308,0
DA:312,0
DA:314,0
DA:315,0
DA:318,0
DA:319,0
DA:322,0
DA:324,0
DA:327,0
DA:331,0
DA:334,0
DA:337,0
DA:338,0
DA:344,0
DA:345,0
DA:348,0
DA:349,0
DA:350,0
DA:351,0
DA:356,0
DA:357,0
DA:362,0
DA:363,0
DA:365,0
DA:366,0
DA:369,0
DA:370,0
DA:374,0
DA:375,0
DA:379,0
DA:380,0
DA:381,0
DA:385,0
DA:389,0
DA:390,0
DA:393,0
DA:394,0
DA:395,0
DA:400,0
DA:401,0
DA:406,0
DA:407,0
DA:408,0
DA:409,0
DA:413,0
DA:415,0
DA:416,0
DA:420,0
DA:424,0
DA:425,0
DA:428,0
DA:429,0
DA:430,0
DA:435,0
DA:436,0
DA:441,0
DA:442,0
DA:443,0
DA:444,0
DA:448,0
DA:452,0
DA:453,0
DA:458,0
DA:463,0
DA:464,0
DA:466,0
DA:467,0
DA:468,0
DA:469,0
DA:472,0
DA:473,0
DA:474,0
DA:475,0
DA:476,0
DA:477,0
DA:478,0
DA:480,0
DA:481,0
DA:482,0
DA:484,0
DA:487,0
DA:490,0
DA:492,0
DA:494,0
DA:495,0
DA:496,0
DA:497,0
DA:498,0
DA:499,0
DA:500,0
DA:501,0
DA:503,0
DA:504,0
DA:505,0
DA:507,0
DA:510,0
DA:513,0
DA:515,0
DA:517,0
DA:520,0
DA:521,0
DA:522,0
DA:523,0
DA:524,0
DA:525,0
DA:526,0
DA:528,0
DA:529,0
DA:530,0
DA:532,0
DA:535,0
DA:538,0
DA:540,0
DA:542,0
DA:543,0
DA:544,0
DA:545,0
DA:546,0
DA:547,0
DA:548,0
DA:549,0
DA:551,0
DA:552,0
DA:553,0
DA:555,0
DA:558,0
DA:561,0
DA:563,0
DA:565,0
DA:568,0
DA:569,0
DA:570,0
DA:571,0
DA:572,0
DA:574,0
DA:576,0
DA:579,0
DA:580,0
DA:581,0
DA:582,0
DA:583,0
DA:585,0
DA:587,0
DA:590,0
DA:591,0
DA:592,0
DA:593,0
DA:595,0
DA:606,0
DA:607,0
DA:608,0
DA:609,0
DA:611,0
DA:612,0
DA:615,0
DA:616,0
DA:617,0
DA:619,0
DA:624,0
DA:625,0
DA:628,0
DA:629,0
DA:633,0
DA:634,0
DA:637,0
DA:638,0
DA:650,0
DA:651,0
DA:653,0
DA:654,0
DA:657,0
DA:658,0
DA:661,0
DA:662,0
DA:665,0
DA:668,0
DA:671,0
DA:672,0
DA:684,0
DA:685,0
DA:687,0
DA:688,0
DA:691,0
DA:692,0
DA:695,0
DA:696,0
DA:699,0
DA:702,0
DA:707,0
DA:708,0
DA:713,0
DA:714,0
DA:719,0
DA:727,0
DA:728,0
DA:729,0
DA:730,0
DA:732,0
DA:733,0
DA:735,0
DA:741,0
DA:745,0
DA:752,0
DA:756,0
DA:758,0
DA:759,0
DA:760,0
DA:761,0
DA:762,0
DA:763,0
DA:764,0
DA:765,0
DA:767,0
DA:774,0
DA:778,0
DA:787,0
DA:788,0
DA:794,0
DA:795,0
DA:796,0
DA:797,0
DA:805,0
DA:806,0
DA:807,0
DA:808,0
DA:809,0
DA:816,0
DA:820,0
DA:821,0
DA:822,0
DA:823,0
DA:832,0
DA:833,0
DA:834,0
DA:835,0
DA:836,0
DA:842,0
DA:843,0
DA:846,0
DA:848,0
DA:849,0
DA:850,0
DA:851,0
DA:852,0
DA:856,0
DA:858,0
DA:859,0
DA:862,0
DA:889,0
DA:891,0
DA:896,0
DA:901,0
DA:904,0
DA:906,0
DA:907,0
DA:909,0
DA:910,0
DA:913,0
DA:915,0
DA:916,0
DA:920,0
DA:922,0
DA:931,0
DA:937,0
DA:943,0
DA:953,0
DA:955,0
DA:958,0
DA:967,0
DA:973,0
DA:976,0
DA:980,0
DA:981,0
DA:982,0
DA:984,0
DA:986,0
DA:1071,0
DA:1072,0
DA:1080,0
DA:1091,0
DA:1099,0
DA:1113,0
DA:1121,0
DA:1162,0
DA:1163,0
DA:1164,0
LF:366
LH:0
BRDA:147,0,0,0
BRDA:147,0,1,0
BRDA:147,1,0,0
BRDA:147,1,1,0
BRDA:148,2,0,0
BRDA:148,2,1,0
BRDA:153,3,0,0
BRDA:153,3,1,0
BRDA:186,4,0,0
BRDA:186,4,1,0
BRDA:190,5,0,0
BRDA:190,5,1,0
BRDA:198,6,0,0
BRDA:198,6,1,0
BRDA:198,7,0,0
BRDA:198,7,1,0
BRDA:199,8,0,0
BRDA:199,8,1,0
BRDA:222,9,0,0
BRDA:222,9,1,0
BRDA:223,10,0,0
BRDA:223,10,1,0
BRDA:232,11,0,0
BRDA:232,11,1,0
BRDA:236,12,0,0
BRDA:236,12,1,0
BRDA:255,13,0,0
BRDA:255,13,1,0
BRDA:255,14,0,0
BRDA:255,14,1,0
BRDA:267,15,0,0
BRDA:267,15,1,0
BRDA:277,16,0,0
BRDA:277,16,1,0
BRDA:287,17,0,0
BRDA:287,17,1,0
BRDA:314,18,0,0
BRDA:314,18,1,0
BRDA:314,19,0,0
BRDA:314,19,1,0
BRDA:314,19,2,0
BRDA:318,20,0,0
BRDA:318,20,1,0
BRDA:319,21,0,0
BRDA:319,21,1,0
BRDA:319,22,0,0
BRDA:319,22,1,0
BRDA:319,22,2,0
BRDA:331,23,0,0
BRDA:331,23,1,0
BRDA:334,24,0,0
BRDA:334,24,1,0
BRDA:337,25,0,0
BRDA:337,25,1,0
BRDA:344,26,0,0
BRDA:344,26,1,0
BRDA:351,27,0,0
BRDA:351,27,1,0
BRDA:356,28,0,0
BRDA:356,28,1,0
BRDA:356,29,0,0
BRDA:356,29,1,0
BRDA:356,29,2,0
BRDA:362,30,0,0
BRDA:362,30,1,0
BRDA:365,31,0,0
BRDA:365,31,1,0
BRDA:369,32,0,0
BRDA:369,32,1,0
BRDA:374,33,0,0
BRDA:374,33,1,0
BRDA:374,34,0,0
BRDA:374,34,1,0
BRDA:380,35,0,0
BRDA:380,35,1,0
BRDA:389,36,0,0
BRDA:389,36,1,0
BRDA:400,37,0,0
BRDA:400,37,1,0
BRDA:400,38,0,0
BRDA:400,38,1,0
BRDA:400,38,2,0
BRDA:406,39,0,0
BRDA:406,39,1,0
BRDA:408,40,0,0
BRDA:408,40,1,0
BRDA:415,41,0,0
BRDA:415,41,1,0
BRDA:415,42,0,0
BRDA:415,42,1,0
BRDA:424,43,0,0
BRDA:424,43,1,0
BRDA:435,44,0,0
BRDA:435,44,1,0
BRDA:435,45,0,0
BRDA:435,45,1,0
BRDA:435,45,2,0
BRDA:441,46,0,0
BRDA:441,46,1,0
BRDA:443,47,0,0
BRDA:443,47,1,0
BRDA:452,48,0,0
BRDA:452,48,1,0
BRDA:452,49,0,0
BRDA:452,49,1,0
BRDA:466,50,0,0
BRDA:466,50,1,0
BRDA:466,51,0,0
BRDA:466,51,1,0
BRDA:472,52,0,0
BRDA:472,52,1,0
BRDA:472,53,0,0
BRDA:472,53,1,0
BRDA:472,53,2,0
BRDA:473,54,0,0
BRDA:473,54,1,0
BRDA:474,55,0,0
BRDA:474,55,1,0
BRDA:475,56,0,0
BRDA:475,56,1,0
BRDA:475,57,0,0
BRDA:475,57,1,0
BRDA:477,58,0,0
BRDA:477,58,1,0
BRDA:477,59,0,0
BRDA:477,59,1,0
BRDA:480,60,0,0
BRDA:480,60,1,0
BRDA:480,61,0,0
BRDA:480,61,1,0
BRDA:481,62,0,0
BRDA:481,62,1,0
BRDA:498,63,0,0
BRDA:498,63,1,0
BRDA:498,64,0,0
BRDA:498,64,1,0
BRDA:500,65,0,0
BRDA:500,65,1,0
BRDA:500,66,0,0
BRDA:500,66,1,0
BRDA:503,67,0,0
BRDA:503,67,1,0
BRDA:503,68,0,0
BRDA:503,68,1,0
BRDA:504,69,0,0
BRDA:504,69,1,0
BRDA:520,70,0,0
BRDA:520,70,1,0
BRDA:520,71,0,0
BRDA:520,71,1,0
BRDA:520,71,2,0
BRDA:521,72,0,0
BRDA:521,72,1,0
BRDA:522,73,0,0
BRDA:522,73,1,0
BRDA:523,74,0,0
BRDA:523,74,1,0
BRDA:525,75,0,0
BRDA:525,75,1,0
BRDA:528,76,0,0
BRDA:528,76,1,0
BRDA:528,77,0,0
BRDA:528,77,1,0
BRDA:529,78,0,0
BRDA:529,78,1,0
BRDA:546,79,0,0
BRDA:546,79,1,0
BRDA:548,80,0,0
BRDA:548,80,1,0
BRDA:551,81,0,0
BRDA:551,81,1,0
BRDA:551,82,0,0
BRDA:551,82,1,0
BRDA:552,83,0,0
BRDA:552,83,1,0
BRDA:568,84,0,0
BRDA:568,84,1,0
BRDA:568,85,0,0
BRDA:568,85,1,0
BRDA:568,85,2,0
BRDA:569,86,0,0
BRDA:569,86,1,0
BRDA:571,87,0,0
BRDA:571,87,1,0
BRDA:579,88,0,0
BRDA:579,88,1,0
BRDA:579,89,0,0
BRDA:579,89,1,0
BRDA:579,89,2,0
BRDA:580,90,0,0
BRDA:580,90,1,0
BRDA:582,91,0,0
BRDA:582,91,1,0
BRDA:590,92,0,0
BRDA:590,92,1,0
BRDA:592,93,0,0
BRDA:592,93,1,0
BRDA:611,94,0,0
BRDA:611,94,1,0
BRDA:615,95,0,0
BRDA:615,95,1,0
BRDA:615,96,0,0
BRDA:615,96,1,0
BRDA:616,97,0,0
BRDA:616,97,1,0
BRDA:616,98,0,0
BRDA:616,98,1,0
BRDA:624,99,0,0
BRDA:624,99,1,0
BRDA:628,100,0,0
BRDA:628,100,1,0
BRDA:628,101,0,0
BRDA:628,101,1,0
BRDA:629,102,0,0
BRDA:629,102,1,0
BRDA:633,103,0,0
BRDA:633,103,1,0
BRDA:637,104,0,0
BRDA:637,104,1,0
BRDA:653,105,0,0
BRDA:653,105,1,0
BRDA:657,106,0,0
BRDA:657,106,1,0
BRDA:661,107,0,0
BRDA:661,107,1,0
BRDA:665,108,0,0
BRDA:665,108,1,0
BRDA:665,109,0,0
BRDA:665,109,1,0
BRDA:665,109,2,0
BRDA:671,110,0,0
BRDA:671,110,1,0
BRDA:671,111,0,0
BRDA:671,111,1,0
BRDA:687,112,0,0
BRDA:687,112,1,0
BRDA:691,113,0,0
BRDA:691,113,1,0
BRDA:695,114,0,0
BRDA:695,114,1,0
BRDA:699,115,0,0
BRDA:699,115,1,0
BRDA:699,116,0,0
BRDA:699,116,1,0
BRDA:699,116,2,0
BRDA:707,117,0,0
BRDA:707,117,1,0
BRDA:713,118,0,0
BRDA:713,118,1,0
BRDA:727,119,0,0
BRDA:727,119,1,0
BRDA:727,120,0,0
BRDA:727,120,1,0
BRDA:728,121,0,0
BRDA:728,121,1,0
BRDA:729,122,0,0
BRDA:729,122,1,0
BRDA:730,123,0,0
BRDA:730,123,1,0
BRDA:732,124,0,0
BRDA:732,124,1,0
BRDA:732,125,0,0
BRDA:732,125,1,0
BRDA:732,125,2,0
BRDA:735,126,0,0
BRDA:735,126,1,0
BRDA:752,127,0,0
BRDA:752,127,1,0
BRDA:758,128,0,0
BRDA:758,128,1,0
BRDA:759,129,0,0
BRDA:759,129,1,0
BRDA:760,130,0,0
BRDA:760,130,1,0
BRDA:762,131,0,0
BRDA:762,131,1,0
BRDA:787,132,0,0
BRDA:787,132,1,0
BRDA:788,133,0,0
BRDA:788,133,1,0
BRDA:794,134,0,0
BRDA:794,134,1,0
BRDA:794,135,0,0
BRDA:794,135,1,0
BRDA:805,136,0,0
BRDA:805,136,1,0
BRDA:807,137,0,0
BRDA:807,137,1,0
BRDA:816,138,0,0
BRDA:816,138,1,0
BRDA:816,139,0,0
BRDA:816,139,1,0
BRDA:816,139,2,0
BRDA:821,140,0,0
BRDA:821,140,1,0
BRDA:832,141,0,0
BRDA:832,141,1,0
BRDA:834,142,0,0
BRDA:834,142,1,0
BRDA:842,143,0,0
BRDA:842,143,1,0
BRDA:848,144,0,0
BRDA:848,144,1,0
BRDA:849,145,0,0
BRDA:849,145,1,0
BRDA:849,146,0,0
BRDA:849,146,1,0
BRDA:851,147,0,0
BRDA:851,147,1,0
BRDA:851,148,0,0
BRDA:851,148,1,0
BRDA:858,149,0,0
BRDA:858,149,1,0
BRDA:893,150,0,0
BRDA:893,150,1,0
BRDA:898,151,0,0
BRDA:898,151,1,0
BRDA:906,152,0,0
BRDA:906,152,1,0
BRDA:906,153,0,0
BRDA:906,153,1,0
BRDA:906,153,2,0
BRDA:906,153,3,0
BRDA:909,154,0,0
BRDA:909,154,1,0
BRDA:909,155,0,0
BRDA:909,155,1,0
BRDA:915,156,0,0
BRDA:915,156,1,0
BRDA:927,157,0,0
BRDA:927,157,1,0
BRDA:927,157,2,0
BRDA:927,157,3,0
BRDA:953,158,0,0
BRDA:953,158,1,0
BRDA:967,159,0,0
BRDA:967,159,1,0
BRDA:1072,160,0,0
BRDA:1072,160,1,0
BRDA:1107,161,0,0
BRDA:1107,161,1,0
BRDA:1132,162,0,0
BRDA:1132,162,1,0
BRF:343
BRH:0
end_of_record
TN:
SF:packages/terra-time-input/src/TimeUtil.js
FN:12,(anonymous_0)
FN:24,(anonymous_1)
FN:58,(anonymous_2)
FN:85,(anonymous_3)
FN:109,(anonymous_4)
FN:129,(anonymous_5)
FN:149,(anonymous_6)
FN:169,(anonymous_7)
FN:189,(anonymous_8)
FN:215,(anonymous_9)
FN:241,(anonymous_10)
FN:267,(anonymous_11)
FN:278,(anonymous_12)
FN:294,(anonymous_13)
FN:324,(anonymous_14)
FN:391,(anonymous_15)
FN:405,(anonymous_16)
FN:424,(anonymous_17)
FNF:18
FNH:0
FNDA:0,(anonymous_0)
FNDA:0,(anonymous_1)
FNDA:0,(anonymous_2)
FNDA:0,(anonymous_3)
FNDA:0,(anonymous_4)
FNDA:0,(anonymous_5)
FNDA:0,(anonymous_6)
FNDA:0,(anonymous_7)
FNDA:0,(anonymous_8)
FNDA:0,(anonymous_9)
FNDA:0,(anonymous_10)
FNDA:0,(anonymous_11)
FNDA:0,(anonymous_12)
FNDA:0,(anonymous_13)
FNDA:0,(anonymous_14)
FNDA:0,(anonymous_15)
FNDA:0,(anonymous_16)
FNDA:0,(anonymous_17)
DA:13,0
DA:25,0
DA:26,0
DA:28,0
DA:29,0
DA:31,0
DA:32,0
DA:35,0
DA:37,0
DA:38,0
DA:42,0
DA:43,0
DA:45,0
DA:48,0
DA:59,0
DA:62,0
DA:63,0
DA:65,0
DA:66,0
DA:67,0
DA:68,0
DA:69,0
DA:72,0
DA:75,0
DA:86,0
DA:88,0
DA:89,0
DA:91,0
DA:92,0
DA:93,0
DA:94,0
DA:95,0
DA:98,0
DA:101,0
DA:110,0
DA:111,0
DA:113,0
DA:114,0
DA:115,0
DA:118,0
DA:121,0
DA:130,0
DA:131,0
DA:133,0
DA:134,0
DA:135,0
DA:138,0
DA:141,0
DA:150,0
DA:151,0
DA:153,0
DA:154,0
DA:155,0
DA:158,0
DA:161,0
DA:170,0
DA:171,0
DA:173,0
DA:174,0
DA:175,0
DA:178,0
DA:181,0
DA:190,0
DA:191,0
DA:193,0
DA:194,0
DA:195,0
DA:196,0
DA:197,0
DA:200,0
DA:204,0
DA:207,0
DA:216,0
DA:217,0
DA:219,0
DA:220,0
DA:221,0
DA:222,0
DA:223,0
DA:226,0
DA:230,0
DA:233,0
DA:242,0
DA:243,0
DA:245,0
DA:246,0
DA:247,0
DA:248,0
DA:249,0
DA:252,0
DA:256,0
DA:259,0
DA:268,0
DA:279,0
DA:295,0
DA:296,0
DA:297,0
DA:299,0
DA:300,0
DA:302,0
DA:303,0
DA:306,0
DA:308,0
DA:309,0
DA:312,0
DA:336,0
DA:337,0
DA:338,0
DA:341,0
DA:342,0
DA:343,0
DA:344,0
DA:346,0
DA:349,0
DA:350,0
DA:351,0
DA:353,0
DA:354,0
DA:357,0
DA:358,0
DA:361,0
DA:363,0
DA:367,0
DA:369,0
DA:373,0
DA:375,0
DA:381,0
DA:393,0
DA:394,0
DA:397,0
DA:406,0
DA:407,0
DA:409,0
DA:410,0
DA:413,0
DA:417,0
DA:424,0
DA:435,0
DA:442,0
LF:139
LH:0
BRDA:13,0,0,0
BRDA:13,0,1,0
BRDA:28,1,0,0
BRDA:28,1,1,0
BRDA:31,2,0,0
BRDA:31,2,1,0
BRDA:37,3,0,0
BRDA:37,3,1,0
BRDA:42,4,0,0
BRDA:42,4,1,0
BRDA:59,5,0,0
BRDA:59,5,1,0
BRDA:62,6,0,0
BRDA:62,6,1,0
BRDA:65,7,0,0
BRDA:65,7,1,0
BRDA:67,8,0,0
BRDA:67,8,1,0
BRDA:68,9,0,0
BRDA:68,9,1,0
BRDA:75,10,0,0
BRDA:75,10,1,0
BRDA:86,11,0,0
BRDA:86,11,1,0
BRDA:88,12,0,0
BRDA:88,12,1,0
BRDA:91,13,0,0
BRDA:91,13,1,0
BRDA:93,14,0,0
BRDA:93,14,1,0
BRDA:94,15,0,0
BRDA:94,15,1,0
BRDA:101,16,0,0
BRDA:101,16,1,0
BRDA:110,17,0,0
BRDA:110,17,1,0
BRDA:113,18,0,0
BRDA:113,18,1,0
BRDA:115,19,0,0
BRDA:115,19,1,0
BRDA:130,20,0,0
BRDA:130,20,1,0
BRDA:133,21,0,0
BRDA:133,21,1,0
BRDA:135,22,0,0
BRDA:135,22,1,0
BRDA:150,23,0,0
BRDA:150,23,1,0
BRDA:153,24,0,0
BRDA:153,24,1,0
BRDA:155,25,0,0
BRDA:155,25,1,0
BRDA:170,26,0,0
BRDA:170,26,1,0
BRDA:173,27,0,0
BRDA:173,27,1,0
BRDA:175,28,0,0
BRDA:175,28,1,0
BRDA:190,29,0,0
BRDA:190,29,1,0
BRDA:193,30,0,0
BRDA:193,30,1,0
BRDA:195,31,0,0
BRDA:195,31,1,0
BRDA:195,32,0,0
BRDA:195,32,1,0
BRDA:196,33,0,0
BRDA:196,33,1,0
BRDA:216,34,0,0
BRDA:216,34,1,0
BRDA:219,35,0,0
BRDA:219,35,1,0
BRDA:221,36,0,0
BRDA:221,36,1,0
BRDA:221,37,0,0
BRDA:221,37,1,0
BRDA:222,38,0,0
BRDA:222,38,1,0
BRDA:242,39,0,0
BRDA:242,39,1,0
BRDA:245,40,0,0
BRDA:245,40,1,0
BRDA:247,41,0,0
BRDA:247,41,1,0
BRDA:247,42,0,0
BRDA:247,42,1,0
BRDA:248,43,0,0
BRDA:248,43,1,0
BRDA:279,44,0,0
BRDA:279,44,1,0
BRDA:299,45,0,0
BRDA:299,45,1,0
BRDA:299,46,0,0
BRDA:299,46,1,0
BRDA:299,46,2,0
BRDA:299,46,3,0
BRDA:302,47,0,0
BRDA:302,47,1,0
BRDA:308,48,0,0
BRDA:308,48,1,0
BRDA:341,49,0,0
BRDA:341,49,1,0
BRDA:343,50,0,0
BRDA:343,50,1,0
BRDA:353,51,0,0
BRDA:353,51,1,0
BRDA:357,52,0,0
BRDA:357,52,1,0
BRDA:357,53,0,0
BRDA:357,53,1,0
BRDA:361,54,0,0
BRDA:361,54,1,0
BRDA:361,55,0,0
BRDA:361,55,1,0
BRDA:367,56,0,0
BRDA:367,56,1,0
BRDA:373,57,0,0
BRDA:373,57,1,0
BRDA:393,58,0,0
BRDA:393,58,1,0
BRDA:409,59,0,0
BRDA:409,59,1,0
BRDA:424,60,0,0
BRDA:424,60,1,0
BRDA:424,60,2,0
BRDA:424,60,3,0
BRDA:424,60,4,0
BRDA:424,60,5,0
BRF:128
BRH:0
end_of_record
TN:
SF:packages/terra-time-input/src/_AccessibleInput.jsx
FN:48,AccessibleInput
FNF:1
FNH:0
FNDA:0,AccessibleInput
DA:7,0
DA:29,0
DA:57,0
DA:59,0
DA:60,0
DA:61,0
DA:63,0
DA:92,0
DA:93,0
LF:9
LH:0
BRDA:65,0,0,0
BRDA:65,0,1,0
BRDA:80,1,0,0
BRDA:80,1,1,0
BRDA:82,2,0,0
BRDA:82,2,1,0
BRDA:83,3,0,0
BRDA:83,3,1,0
BRF:8
BRH:0
end_of_record
TN:
SF:packages/terra-time-input/src/_AccessibleValue.jsx
FN:25,AccessibleValue
FN:36,(anonymous_1)
FN:42,(anonymous_2)
FNF:3
FNH:0
FNDA:0,AccessibleValue
FNDA:0,(anonymous_1)
FNDA:0,(anonymous_2)
DA:5,0
DA:26,0
DA:27,0
DA:28,0
DA:36,0
DA:37,0
DA:38,0
DA:39,0
DA:42,0
DA:43,0
DA:44,0
DA:45,0
DA:48,0
DA:49,0
DA:50,0
DA:51,0
DA:52,0
DA:53,0
DA:56,0
DA:61,0
LF:20
LH:0
BRDA:48,0,0,0
BRDA:48,0,1,0
BRDA:48,1,0,0
BRDA:48,1,1,0
BRDA:50,2,0,0
BRDA:50,2,1,0
BRDA:50,3,0,0
BRDA:50,3,1,0
BRDA:50,3,2,0
BRDA:52,4,0,0
BRDA:52,4,1,0
BRDA:52,5,0,0
BRDA:52,5,1,0
BRF:13
BRH:0
end_of_record
TN:
SF:packages/terra-time-input/src/_Hour.jsx
FN:14,(anonymous_0)
FN:14,(anonymous_1)
FN:24,(anonymous_2)
FN:44,(anonymous_3)
FN:84,(anonymous_4)
FN:99,(anonymous_5)
FN:115,(anonymous_6)
FN:129,(anonymous_7)
FNF:8
FNH:8
FNDA:24,(anonymous_0)
FNDA:24,(anonymous_1)
FNDA:29,(anonymous_2)
FNDA:77,(anonymous_3)
FNDA:6,(anonymous_4)
FNDA:16,(anonymous_5)
FNDA:4,(anonymous_6)
FNDA:8,(anonymous_7)
DA:2,1
DA:4,1
DA:6,1
DA:8,1
DA:10,1
DA:12,1
DA:14,24
DA:25,29
DA:26,8
DA:29,21
DA:30,21
DA:32,4
DA:45,77
DA:47,48
DA:48,40
DA:50,8
DA:52,40
DA:54,14
DA:55,9
DA:57,5
DA:59,9
DA:61,15
DA:62,12
DA:64,3
DA:66,12
DA:68,0
DA:85,6
DA:100,16
DA:116,4
DA:130,8
LF:30
LH:29
BRDA:24,0,0,12
BRDA:25,1,0,8
BRDA:25,1,1,21
BRDA:44,2,0,42
BRDA:45,3,0,48
BRDA:45,3,1,14
BRDA:45,3,2,15
BRDA:45,3,3,0
BRDA:47,4,0,40
BRDA:47,4,1,8
BRDA:54,5,0,9
BRDA:54,5,1,5
BRDA:61,6,0,12
BRDA:61,6,1,3
BRF:14
BRH:13
end_of_record
TN:
SF:packages/terra-time-input/src/_Minute.jsx
FN:4,(anonymous_0)
FN:4,(anonymous_1)
FN:11,(anonymous_2)
FN:28,(anonymous_3)
FN:46,(anonymous_4)
FN:61,(anonymous_5)
FNF:6
FNH:6
FNDA:120,(anonymous_0)
FNDA:120,(anonymous_1)
FNDA:20,(anonymous_2)
FNDA:50,(anonymous_3)
FNDA:12,(anonymous_4)
FNDA:8,(anonymous_5)
DA:2,2
DA:4,120
DA:12,20
DA:13,12
DA:16,8
DA:17,8
DA:19,0
DA:29,50
DA:30,16
DA:32,34
DA:47,12
DA:62,8
LF:12
LH:11
BRDA:12,0,0,12
BRDA:12,0,1,8
BRDA:29,1,0,16
BRDA:29,1,1,34
BRF:4
BRH:4
end_of_record
TN:
SF:packages/terra-time-input/src/_Second.jsx
FNF:0
FNH:0
LF:0
LH:0
BRF:0
BRH:0
end_of_record
TN:
SF:packages/terra-time-input/src/_TimeSpacer.jsx
FN:21,TimeSpacer
FNF:1
FNH:0
FNDA:0,TimeSpacer
DA:7,0
DA:11,0
DA:23,0
DA:25,0
DA:37,0
LF:5
LH:0
BRF:0
BRH:0
end_of_record
